<?xml version="1.0" encoding="UTF-8"?>
<testsuite xmlns:xsi="http://www.w3.org/2001/XMLSchema-instance" xsi:noNamespaceSchemaLocation="https://maven.apache.org/surefire/maven-failsafe-plugin/xsd/failsafe-test-report-3.0.xsd" version="3.0" name="com.countrydata.cucumber.CountryDataRunner" time="9.722" tests="4" errors="0" skipped="0" failures="0">
  <properties>
    <property name="java.specification.version" value="17"/>
    <property name="sun.cpu.isalist" value="amd64"/>
    <property name="sun.jnu.encoding" value="Cp1252"/>
    <property name="java.class.path" value="C:\Users\Mansi\eclipse-workspace\FinalProject\target\test-classes;C:\Users\Mansi\eclipse-workspace\FinalProject\target\CustomerRegistration-0.0.1-SNAPSHOT.jar;C:\Users\Mansi\.m2\repository\net\serenity-bdd\serenity-core\4.0.14\serenity-core-4.0.14.jar;C:\Users\Mansi\.m2\repository\net\serenity-bdd\serenity-model\4.0.14\serenity-model-4.0.14.jar;C:\Users\Mansi\.m2\repository\org\apache\commons\commons-text\1.10.0\commons-text-1.10.0.jar;C:\Users\Mansi\.m2\repository\commons-net\commons-net\3.9.0\commons-net-3.9.0.jar;C:\Users\Mansi\.m2\repository\com\google\guava\guava\32.1.2-jre\guava-32.1.2-jre.jar;C:\Users\Mansi\.m2\repository\com\google\guava\failureaccess\1.0.1\failureaccess-1.0.1.jar;C:\Users\Mansi\.m2\repository\com\google\guava\listenablefuture\9999.0-empty-to-avoid-conflict-with-guava\listenablefuture-9999.0-empty-to-avoid-conflict-with-guava.jar;C:\Users\Mansi\.m2\repository\com\google\code\findbugs\jsr305\3.0.2\jsr305-3.0.2.jar;C:\Users\Mansi\.m2\repository\org\checkerframework\checker-qual\3.33.0\checker-qual-3.33.0.jar;C:\Users\Mansi\.m2\repository\com\google\errorprone\error_prone_annotations\2.18.0\error_prone_annotations-2.18.0.jar;C:\Users\Mansi\.m2\repository\com\google\j2objc\j2objc-annotations\2.8\j2objc-annotations-2.8.jar;C:\Users\Mansi\.m2\repository\org\jsoup\jsoup\1.15.4\jsoup-1.15.4.jar;C:\Users\Mansi\.m2\repository\com\thoughtworks\xstream\xstream\1.4.20\xstream-1.4.20.jar;C:\Users\Mansi\.m2\repository\io\github\x-stream\mxparser\1.2.2\mxparser-1.2.2.jar;C:\Users\Mansi\.m2\repository\xmlpull\xmlpull\1.1.3.1\xmlpull-1.1.3.1.jar;C:\Users\Mansi\.m2\repository\com\typesafe\config\1.4.2\config-1.4.2.jar;C:\Users\Mansi\.m2\repository\org\imgscalr\imgscalr-lib\4.2\imgscalr-lib-4.2.jar;C:\Users\Mansi\.m2\repository\org\awaitility\awaitility\4.2.0\awaitility-4.2.0.jar;C:\Users\Mansi\.m2\repository\org\freemarker\freemarker\2.3.32\freemarker-2.3.32.jar;C:\Users\Mansi\.m2\repository\io\github\classgraph\classgraph\4.8.157\classgraph-4.8.157.jar;C:\Users\Mansi\.m2\repository\com\github\ben-manes\caffeine\caffeine\2.9.2\caffeine-2.9.2.jar;C:\Users\Mansi\.m2\repository\org\ehcache\ehcache\3.10.8\ehcache-3.10.8.jar;C:\Users\Mansi\.m2\repository\javax\cache\cache-api\1.1.0\cache-api-1.1.0.jar;C:\Users\Mansi\.m2\repository\net\sourceforge\jexcelapi\jxl\2.6.12\jxl-2.6.12.jar;C:\Users\Mansi\.m2\repository\net\bytebuddy\byte-buddy-agent\1.14.7\byte-buddy-agent-1.14.7.jar;C:\Users\Mansi\.m2\repository\org\objenesis\objenesis\3.3\objenesis-3.3.jar;C:\Users\Mansi\.m2\repository\com\vladsch\flexmark\flexmark-all\0.64.8\flexmark-all-0.64.8.jar;C:\Users\Mansi\.m2\repository\com\vladsch\flexmark\flexmark\0.64.8\flexmark-0.64.8.jar;C:\Users\Mansi\.m2\repository\com\vladsch\flexmark\flexmark-ext-abbreviation\0.64.8\flexmark-ext-abbreviation-0.64.8.jar;C:\Users\Mansi\.m2\repository\com\vladsch\flexmark\flexmark-ext-admonition\0.64.8\flexmark-ext-admonition-0.64.8.jar;C:\Users\Mansi\.m2\repository\com\vladsch\flexmark\flexmark-ext-anchorlink\0.64.8\flexmark-ext-anchorlink-0.64.8.jar;C:\Users\Mansi\.m2\repository\com\vladsch\flexmark\flexmark-ext-aside\0.64.8\flexmark-ext-aside-0.64.8.jar;C:\Users\Mansi\.m2\repository\com\vladsch\flexmark\flexmark-ext-attributes\0.64.8\flexmark-ext-attributes-0.64.8.jar;C:\Users\Mansi\.m2\repository\com\vladsch\flexmark\flexmark-ext-autolink\0.64.8\flexmark-ext-autolink-0.64.8.jar;C:\Users\Mansi\.m2\repository\org\nibor\autolink\autolink\0.6.0\autolink-0.6.0.jar;C:\Users\Mansi\.m2\repository\com\vladsch\flexmark\flexmark-ext-definition\0.64.8\flexmark-ext-definition-0.64.8.jar;C:\Users\Mansi\.m2\repository\com\vladsch\flexmark\flexmark-ext-emoji\0.64.8\flexmark-ext-emoji-0.64.8.jar;C:\Users\Mansi\.m2\repository\com\vladsch\flexmark\flexmark-ext-enumerated-reference\0.64.8\flexmark-ext-enumerated-reference-0.64.8.jar;C:\Users\Mansi\.m2\repository\com\vladsch\flexmark\flexmark-ext-escaped-character\0.64.8\flexmark-ext-escaped-character-0.64.8.jar;C:\Users\Mansi\.m2\repository\com\vladsch\flexmark\flexmark-ext-footnotes\0.64.8\flexmark-ext-footnotes-0.64.8.jar;C:\Users\Mansi\.m2\repository\com\vladsch\flexmark\flexmark-ext-gfm-issues\0.64.8\flexmark-ext-gfm-issues-0.64.8.jar;C:\Users\Mansi\.m2\repository\com\vladsch\flexmark\flexmark-ext-gfm-strikethrough\0.64.8\flexmark-ext-gfm-strikethrough-0.64.8.jar;C:\Users\Mansi\.m2\repository\com\vladsch\flexmark\flexmark-ext-gfm-tasklist\0.64.8\flexmark-ext-gfm-tasklist-0.64.8.jar;C:\Users\Mansi\.m2\repository\com\vladsch\flexmark\flexmark-ext-gfm-users\0.64.8\flexmark-ext-gfm-users-0.64.8.jar;C:\Users\Mansi\.m2\repository\com\vladsch\flexmark\flexmark-ext-gitlab\0.64.8\flexmark-ext-gitlab-0.64.8.jar;C:\Users\Mansi\.m2\repository\com\vladsch\flexmark\flexmark-ext-jekyll-front-matter\0.64.8\flexmark-ext-jekyll-front-matter-0.64.8.jar;C:\Users\Mansi\.m2\repository\com\vladsch\flexmark\flexmark-ext-jekyll-tag\0.64.8\flexmark-ext-jekyll-tag-0.64.8.jar;C:\Users\Mansi\.m2\repository\com\vladsch\flexmark\flexmark-ext-media-tags\0.64.8\flexmark-ext-media-tags-0.64.8.jar;C:\Users\Mansi\.m2\repository\com\vladsch\flexmark\flexmark-ext-macros\0.64.8\flexmark-ext-macros-0.64.8.jar;C:\Users\Mansi\.m2\repository\com\vladsch\flexmark\flexmark-ext-ins\0.64.8\flexmark-ext-ins-0.64.8.jar;C:\Users\Mansi\.m2\repository\com\vladsch\flexmark\flexmark-ext-xwiki-macros\0.64.8\flexmark-ext-xwiki-macros-0.64.8.jar;C:\Users\Mansi\.m2\repository\com\vladsch\flexmark\flexmark-ext-superscript\0.64.8\flexmark-ext-superscript-0.64.8.jar;C:\Users\Mansi\.m2\repository\com\vladsch\flexmark\flexmark-ext-toc\0.64.8\flexmark-ext-toc-0.64.8.jar;C:\Users\Mansi\.m2\repository\com\vladsch\flexmark\flexmark-ext-typographic\0.64.8\flexmark-ext-typographic-0.64.8.jar;C:\Users\Mansi\.m2\repository\com\vladsch\flexmark\flexmark-ext-wikilink\0.64.8\flexmark-ext-wikilink-0.64.8.jar;C:\Users\Mansi\.m2\repository\com\vladsch\flexmark\flexmark-ext-yaml-front-matter\0.64.8\flexmark-ext-yaml-front-matter-0.64.8.jar;C:\Users\Mansi\.m2\repository\com\vladsch\flexmark\flexmark-ext-youtube-embedded\0.64.8\flexmark-ext-youtube-embedded-0.64.8.jar;C:\Users\Mansi\.m2\repository\com\vladsch\flexmark\flexmark-html2md-converter\0.64.8\flexmark-html2md-converter-0.64.8.jar;C:\Users\Mansi\.m2\repository\com\vladsch\flexmark\flexmark-jira-converter\0.64.8\flexmark-jira-converter-0.64.8.jar;C:\Users\Mansi\.m2\repository\com\vladsch\flexmark\flexmark-pdf-converter\0.64.8\flexmark-pdf-converter-0.64.8.jar;C:\Users\Mansi\.m2\repository\com\openhtmltopdf\openhtmltopdf-core\1.0.10\openhtmltopdf-core-1.0.10.jar;C:\Users\Mansi\.m2\repository\com\openhtmltopdf\openhtmltopdf-pdfbox\1.0.10\openhtmltopdf-pdfbox-1.0.10.jar;C:\Users\Mansi\.m2\repository\org\apache\pdfbox\pdfbox\2.0.24\pdfbox-2.0.24.jar;C:\Users\Mansi\.m2\repository\org\apache\pdfbox\fontbox\2.0.24\fontbox-2.0.24.jar;C:\Users\Mansi\.m2\repository\org\apache\pdfbox\xmpbox\2.0.24\xmpbox-2.0.24.jar;C:\Users\Mansi\.m2\repository\de\rototor\pdfbox\graphics2d\0.32\graphics2d-0.32.jar;C:\Users\Mansi\.m2\repository\com\openhtmltopdf\openhtmltopdf-rtl-support\1.0.10\openhtmltopdf-rtl-support-1.0.10.jar;C:\Users\Mansi\.m2\repository\com\vladsch\flexmark\flexmark-profile-pegdown\0.64.8\flexmark-profile-pegdown-0.64.8.jar;C:\Users\Mansi\.m2\repository\com\vladsch\flexmark\flexmark-util-ast\0.64.8\flexmark-util-ast-0.64.8.jar;C:\Users\Mansi\.m2\repository\org\jetbrains\annotations\24.0.1\annotations-24.0.1.jar;C:\Users\Mansi\.m2\repository\com\vladsch\flexmark\flexmark-util-builder\0.64.8\flexmark-util-builder-0.64.8.jar;C:\Users\Mansi\.m2\repository\com\vladsch\flexmark\flexmark-util-collection\0.64.8\flexmark-util-collection-0.64.8.jar;C:\Users\Mansi\.m2\repository\com\vladsch\flexmark\flexmark-util-data\0.64.8\flexmark-util-data-0.64.8.jar;C:\Users\Mansi\.m2\repository\com\vladsch\flexmark\flexmark-util-dependency\0.64.8\flexmark-util-dependency-0.64.8.jar;C:\Users\Mansi\.m2\repository\com\vladsch\flexmark\flexmark-util-format\0.64.8\flexmark-util-format-0.64.8.jar;C:\Users\Mansi\.m2\repository\com\vladsch\flexmark\flexmark-util-html\0.64.8\flexmark-util-html-0.64.8.jar;C:\Users\Mansi\.m2\repository\com\vladsch\flexmark\flexmark-util-misc\0.64.8\flexmark-util-misc-0.64.8.jar;C:\Users\Mansi\.m2\repository\com\vladsch\flexmark\flexmark-util-options\0.64.8\flexmark-util-options-0.64.8.jar;C:\Users\Mansi\.m2\repository\com\vladsch\flexmark\flexmark-util-sequence\0.64.8\flexmark-util-sequence-0.64.8.jar;C:\Users\Mansi\.m2\repository\com\vladsch\flexmark\flexmark-util-visitor\0.64.8\flexmark-util-visitor-0.64.8.jar;C:\Users\Mansi\.m2\repository\com\vladsch\flexmark\flexmark-youtrack-converter\0.64.8\flexmark-youtrack-converter-0.64.8.jar;C:\Users\Mansi\.m2\repository\com\vladsch\flexmark\flexmark-ext-resizable-image\0.64.8\flexmark-ext-resizable-image-0.64.8.jar;C:\Users\Mansi\.m2\repository\com\vladsch\flexmark\flexmark-ext-tables\0.64.8\flexmark-ext-tables-0.64.8.jar;C:\Users\Mansi\.m2\repository\com\vladsch\flexmark\flexmark-util\0.64.8\flexmark-util-0.64.8.jar;C:\Users\Mansi\.m2\repository\net\serenity-bdd\serenity-reports\4.0.14\serenity-reports-4.0.14.jar;C:\Users\Mansi\.m2\repository\net\serenity-bdd\serenity-stats\4.0.14\serenity-stats-4.0.14.jar;C:\Users\Mansi\.m2\repository\org\jetbrains\kotlin\kotlin-stdlib\1.9.0\kotlin-stdlib-1.9.0.jar;C:\Users\Mansi\.m2\repository\org\jetbrains\kotlin\kotlin-stdlib-common\1.9.0\kotlin-stdlib-common-1.9.0.jar;C:\Users\Mansi\.m2\repository\net\serenity-bdd\serenity-reports-configuration\4.0.14\serenity-reports-configuration-4.0.14.jar;C:\Users\Mansi\.m2\repository\com\ibm\icu\icu4j\72.1\icu4j-72.1.jar;C:\Users\Mansi\.m2\repository\es\nitaur\markdown\txtmark\0.16\txtmark-0.16.jar;C:\Users\Mansi\.m2\repository\net\serenity-bdd\serenity-report-resources\4.0.14\serenity-report-resources-4.0.14.jar;C:\Users\Mansi\.m2\repository\com\google\code\gson\gson\2.10.1\gson-2.10.1.jar;C:\Users\Mansi\.m2\repository\com\fasterxml\jackson\core\jackson-core\2.15.2\jackson-core-2.15.2.jar;C:\Users\Mansi\.m2\repository\com\fasterxml\jackson\core\jackson-databind\2.15.2\jackson-databind-2.15.2.jar;C:\Users\Mansi\.m2\repository\com\fasterxml\jackson\core\jackson-annotations\2.15.2\jackson-annotations-2.15.2.jar;C:\Users\Mansi\.m2\repository\commons-codec\commons-codec\1.16.0\commons-codec-1.16.0.jar;C:\Users\Mansi\.m2\repository\commons-io\commons-io\2.11.0\commons-io-2.11.0.jar;C:\Users\Mansi\.m2\repository\org\apache\httpcomponents\httpclient\4.5.13\httpclient-4.5.13.jar;C:\Users\Mansi\.m2\repository\org\apache\httpcomponents\httpcore\4.4.13\httpcore-4.4.13.jar;C:\Users\Mansi\.m2\repository\commons-logging\commons-logging\1.2\commons-logging-1.2.jar;C:\Users\Mansi\.m2\repository\org\seleniumhq\selenium\selenium-java\4.13.0\selenium-java-4.13.0.jar;C:\Users\Mansi\.m2\repository\org\seleniumhq\selenium\selenium-devtools-v115\4.13.0\selenium-devtools-v115-4.13.0.jar;C:\Users\Mansi\.m2\repository\org\seleniumhq\selenium\selenium-devtools-v116\4.13.0\selenium-devtools-v116-4.13.0.jar;C:\Users\Mansi\.m2\repository\org\seleniumhq\selenium\selenium-devtools-v117\4.13.0\selenium-devtools-v117-4.13.0.jar;C:\Users\Mansi\.m2\repository\org\seleniumhq\selenium\selenium-devtools-v85\4.13.0\selenium-devtools-v85-4.13.0.jar;C:\Users\Mansi\.m2\repository\org\seleniumhq\selenium\selenium-remote-driver\4.13.0\selenium-remote-driver-4.13.0.jar;C:\Users\Mansi\.m2\repository\io\netty\netty-buffer\4.1.96.Final\netty-buffer-4.1.96.Final.jar;C:\Users\Mansi\.m2\repository\io\netty\netty-codec-http\4.1.96.Final\netty-codec-http-4.1.96.Final.jar;C:\Users\Mansi\.m2\repository\io\netty\netty-codec\4.1.96.Final\netty-codec-4.1.96.Final.jar;C:\Users\Mansi\.m2\repository\io\netty\netty-handler\4.1.96.Final\netty-handler-4.1.96.Final.jar;C:\Users\Mansi\.m2\repository\io\netty\netty-common\4.1.96.Final\netty-common-4.1.96.Final.jar;C:\Users\Mansi\.m2\repository\io\netty\netty-transport-classes-epoll\4.1.96.Final\netty-transport-classes-epoll-4.1.96.Final.jar;C:\Users\Mansi\.m2\repository\io\netty\netty-transport-classes-kqueue\4.1.96.Final\netty-transport-classes-kqueue-4.1.96.Final.jar;C:\Users\Mansi\.m2\repository\io\netty\netty-transport-native-epoll\4.1.96.Final\netty-transport-native-epoll-4.1.96.Final.jar;C:\Users\Mansi\.m2\repository\io\netty\netty-transport-native-kqueue\4.1.96.Final\netty-transport-native-kqueue-4.1.96.Final.jar;C:\Users\Mansi\.m2\repository\io\netty\netty-transport-native-unix-common\4.1.96.Final\netty-transport-native-unix-common-4.1.96.Final.jar;C:\Users\Mansi\.m2\repository\io\netty\netty-transport\4.1.96.Final\netty-transport-4.1.96.Final.jar;C:\Users\Mansi\.m2\repository\io\netty\netty-resolver\4.1.96.Final\netty-resolver-4.1.96.Final.jar;C:\Users\Mansi\.m2\repository\io\opentelemetry\opentelemetry-api\1.28.0\opentelemetry-api-1.28.0.jar;C:\Users\Mansi\.m2\repository\io\opentelemetry\opentelemetry-context\1.28.0\opentelemetry-context-1.28.0.jar;C:\Users\Mansi\.m2\repository\io\opentelemetry\opentelemetry-exporter-logging\1.28.0\opentelemetry-exporter-logging-1.28.0.jar;C:\Users\Mansi\.m2\repository\io\opentelemetry\opentelemetry-sdk-metrics\1.28.0\opentelemetry-sdk-metrics-1.28.0.jar;C:\Users\Mansi\.m2\repository\io\opentelemetry\opentelemetry-extension-incubator\1.28.0-alpha\opentelemetry-extension-incubator-1.28.0-alpha.jar;C:\Users\Mansi\.m2\repository\io\opentelemetry\opentelemetry-sdk-logs\1.28.0\opentelemetry-sdk-logs-1.28.0.jar;C:\Users\Mansi\.m2\repository\io\opentelemetry\opentelemetry-sdk-common\1.28.0\opentelemetry-sdk-common-1.28.0.jar;C:\Users\Mansi\.m2\repository\io\opentelemetry\opentelemetry-sdk-extension-autoconfigure-spi\1.28.0\opentelemetry-sdk-extension-autoconfigure-spi-1.28.0.jar;C:\Users\Mansi\.m2\repository\io\opentelemetry\opentelemetry-sdk-extension-autoconfigure\1.28.0\opentelemetry-sdk-extension-autoconfigure-1.28.0.jar;C:\Users\Mansi\.m2\repository\io\opentelemetry\opentelemetry-api-events\1.28.0-alpha\opentelemetry-api-events-1.28.0-alpha.jar;C:\Users\Mansi\.m2\repository\io\opentelemetry\opentelemetry-sdk-trace\1.28.0\opentelemetry-sdk-trace-1.28.0.jar;C:\Users\Mansi\.m2\repository\io\opentelemetry\opentelemetry-sdk\1.28.0\opentelemetry-sdk-1.28.0.jar;C:\Users\Mansi\.m2\repository\io\opentelemetry\opentelemetry-semconv\1.28.0-alpha\opentelemetry-semconv-1.28.0-alpha.jar;C:\Users\Mansi\.m2\repository\org\asynchttpclient\async-http-client\2.12.3\async-http-client-2.12.3.jar;C:\Users\Mansi\.m2\repository\org\asynchttpclient\async-http-client-netty-utils\2.12.3\async-http-client-netty-utils-2.12.3.jar;C:\Users\Mansi\.m2\repository\io\netty\netty-codec-socks\4.1.60.Final\netty-codec-socks-4.1.60.Final.jar;C:\Users\Mansi\.m2\repository\io\netty\netty-handler-proxy\4.1.60.Final\netty-handler-proxy-4.1.60.Final.jar;C:\Users\Mansi\.m2\repository\io\netty\netty-transport-native-epoll\4.1.60.Final\netty-transport-native-epoll-4.1.60.Final-linux-x86_64.jar;C:\Users\Mansi\.m2\repository\io\netty\netty-transport-native-kqueue\4.1.60.Final\netty-transport-native-kqueue-4.1.60.Final-osx-x86_64.jar;C:\Users\Mansi\.m2\repository\org\reactivestreams\reactive-streams\1.0.3\reactive-streams-1.0.3.jar;C:\Users\Mansi\.m2\repository\com\typesafe\netty\netty-reactive-streams\2.0.4\netty-reactive-streams-2.0.4.jar;C:\Users\Mansi\.m2\repository\org\seleniumhq\selenium\selenium-os\4.13.0\selenium-os-4.13.0.jar;C:\Users\Mansi\.m2\repository\org\apache\commons\commons-exec\1.3\commons-exec-1.3.jar;C:\Users\Mansi\.m2\repository\org\seleniumhq\selenium\selenium-safari-driver\4.13.0\selenium-safari-driver-4.13.0.jar;C:\Users\Mansi\.m2\repository\org\seleniumhq\selenium\selenium-api\4.13.0\selenium-api-4.13.0.jar;C:\Users\Mansi\.m2\repository\org\seleniumhq\selenium\selenium-support\4.13.0\selenium-support-4.13.0.jar;C:\Users\Mansi\.m2\repository\com\google\auto\service\auto-service-annotations\1.1.1\auto-service-annotations-1.1.1.jar;C:\Users\Mansi\.m2\repository\org\seleniumhq\selenium\selenium-json\4.13.0\selenium-json-4.13.0.jar;C:\Users\Mansi\.m2\repository\org\seleniumhq\selenium\selenium-chrome-driver\4.13.0\selenium-chrome-driver-4.13.0.jar;C:\Users\Mansi\.m2\repository\org\seleniumhq\selenium\selenium-chromium-driver\4.13.0\selenium-chromium-driver-4.13.0.jar;C:\Users\Mansi\.m2\repository\org\seleniumhq\selenium\selenium-manager\4.13.0\selenium-manager-4.13.0.jar;C:\Users\Mansi\.m2\repository\org\seleniumhq\selenium\selenium-firefox-driver\4.13.0\selenium-firefox-driver-4.13.0.jar;C:\Users\Mansi\.m2\repository\org\seleniumhq\selenium\selenium-http\4.13.0\selenium-http-4.13.0.jar;C:\Users\Mansi\.m2\repository\dev\failsafe\failsafe\3.3.2\failsafe-3.3.2.jar;C:\Users\Mansi\.m2\repository\org\seleniumhq\selenium\selenium-edge-driver\4.13.0\selenium-edge-driver-4.13.0.jar;C:\Users\Mansi\.m2\repository\org\seleniumhq\selenium\selenium-ie-driver\4.13.0\selenium-ie-driver-4.13.0.jar;C:\Users\Mansi\.m2\repository\org\htmlunit\htmlunit\3.4.0\htmlunit-3.4.0.jar;C:\Users\Mansi\.m2\repository\org\htmlunit\htmlunit-core-js\3.4.0\htmlunit-core-js-3.4.0.jar;C:\Users\Mansi\.m2\repository\org\htmlunit\neko-htmlunit\3.4.0\neko-htmlunit-3.4.0.jar;C:\Users\Mansi\.m2\repository\org\htmlunit\htmlunit-cssparser\3.4.0\htmlunit-cssparser-3.4.0.jar;C:\Users\Mansi\.m2\repository\org\htmlunit\htmlunit-xpath\3.4.0\htmlunit-xpath-3.4.0.jar;C:\Users\Mansi\.m2\repository\org\brotli\dec\0.1.2\dec-0.1.2.jar;C:\Users\Mansi\.m2\repository\com\shapesecurity\salvation2\3.0.1\salvation2-3.0.1.jar;C:\Users\Mansi\.m2\repository\org\eclipse\jetty\websocket\websocket-client\9.4.51.v20230217\websocket-client-9.4.51.v20230217.jar;C:\Users\Mansi\.m2\repository\org\eclipse\jetty\jetty-client\9.4.51.v20230217\jetty-client-9.4.51.v20230217.jar;C:\Users\Mansi\.m2\repository\org\eclipse\jetty\jetty-http\9.4.51.v20230217\jetty-http-9.4.51.v20230217.jar;C:\Users\Mansi\.m2\repository\org\eclipse\jetty\jetty-util\9.4.51.v20230217\jetty-util-9.4.51.v20230217.jar;C:\Users\Mansi\.m2\repository\org\eclipse\jetty\jetty-io\9.4.51.v20230217\jetty-io-9.4.51.v20230217.jar;C:\Users\Mansi\.m2\repository\org\eclipse\jetty\websocket\websocket-common\9.4.51.v20230217\websocket-common-9.4.51.v20230217.jar;C:\Users\Mansi\.m2\repository\org\eclipse\jetty\websocket\websocket-api\9.4.51.v20230217\websocket-api-9.4.51.v20230217.jar;C:\Users\Mansi\.m2\repository\org\seleniumhq\selenium\htmlunit3-driver\4.10.0\htmlunit3-driver-4.10.0.jar;C:\Users\Mansi\.m2\repository\io\appium\java-client\8.5.1\java-client-8.5.1.jar;C:\Users\Mansi\.m2\repository\commons-validator\commons-validator\1.7\commons-validator-1.7.jar;C:\Users\Mansi\.m2\repository\commons-beanutils\commons-beanutils\1.9.4\commons-beanutils-1.9.4.jar;C:\Users\Mansi\.m2\repository\commons-digester\commons-digester\2.1\commons-digester-2.1.jar;C:\Users\Mansi\.m2\repository\org\apache\groovy\groovy\4.0.13\groovy-4.0.13.jar;C:\Users\Mansi\.m2\repository\net\sf\opencsv\opencsv\2.0\opencsv-2.0.jar;C:\Users\Mansi\.m2\repository\org\apache\commons\commons-lang3\3.13.0\commons-lang3-3.13.0.jar;C:\Users\Mansi\.m2\repository\org\apache\commons\commons-compress\1.23.0\commons-compress-1.23.0.jar;C:\Users\Mansi\.m2\repository\org\fluentlenium\fluentlenium-core\0.10.2\fluentlenium-core-0.10.2.jar;C:\Users\Mansi\.m2\repository\com\jhlabs\filters\2.0.235\filters-2.0.235.jar;C:\Users\Mansi\.m2\repository\com\paulhammant\ngwebdriver\1.1.6\ngwebdriver-1.1.6.jar;C:\Users\Mansi\.m2\repository\joda-time\joda-time\2.12.2\joda-time-2.12.2.jar;C:\Users\Mansi\.m2\repository\org\hamcrest\hamcrest\2.2\hamcrest-2.2.jar;C:\Users\Mansi\.m2\repository\com\google\jimfs\jimfs\1.3.0\jimfs-1.3.0.jar;C:\Users\Mansi\.m2\repository\org\mockito\mockito-core\3.3.3\mockito-core-3.3.3.jar;C:\Users\Mansi\.m2\repository\javax\xml\bind\jaxb-api\2.3.1\jaxb-api-2.3.1.jar;C:\Users\Mansi\.m2\repository\javax\activation\javax.activation-api\1.2.0\javax.activation-api-1.2.0.jar;C:\Users\Mansi\.m2\repository\com\sun\xml\bind\jaxb-core\2.3.0.1\jaxb-core-2.3.0.1.jar;C:\Users\Mansi\.m2\repository\com\sun\xml\bind\jaxb-impl\2.3.3\jaxb-impl-2.3.3.jar;C:\Users\Mansi\.m2\repository\com\sun\activation\jakarta.activation\1.2.2\jakarta.activation-1.2.2.jar;C:\Users\Mansi\.m2\repository\javax\activation\activation\1.1.1\activation-1.1.1.jar;C:\Users\Mansi\.m2\repository\org\slf4j\slf4j-simple\2.0.9\slf4j-simple-2.0.9.jar;C:\Users\Mansi\.m2\repository\org\slf4j\slf4j-api\2.0.9\slf4j-api-2.0.9.jar;C:\Users\Mansi\.m2\repository\net\serenity-bdd\serenity-cucumber\4.0.14\serenity-cucumber-4.0.14.jar;C:\Users\Mansi\.m2\repository\net\serenity-bdd\serenity-screenplay\4.0.14\serenity-screenplay-4.0.14.jar;C:\Users\Mansi\.m2\repository\net\serenity-bdd\serenity-screenplay-webdriver\4.0.14\serenity-screenplay-webdriver-4.0.14.jar;C:\Users\Mansi\.m2\repository\io\cucumber\cucumber-core\7.14.0\cucumber-core-7.14.0.jar;C:\Users\Mansi\.m2\repository\io\cucumber\cucumber-gherkin\7.14.0\cucumber-gherkin-7.14.0.jar;C:\Users\Mansi\.m2\repository\io\cucumber\cucumber-gherkin-messages\7.14.0\cucumber-gherkin-messages-7.14.0.jar;C:\Users\Mansi\.m2\repository\io\cucumber\gherkin\26.2.0\gherkin-26.2.0.jar;C:\Users\Mansi\.m2\repository\io\cucumber\messages\22.0.0\messages-22.0.0.jar;C:\Users\Mansi\.m2\repository\io\cucumber\tag-expressions\5.0.6\tag-expressions-5.0.6.jar;C:\Users\Mansi\.m2\repository\io\cucumber\cucumber-expressions\16.1.2\cucumber-expressions-16.1.2.jar;C:\Users\Mansi\.m2\repository\io\cucumber\datatable\7.14.0\datatable-7.14.0.jar;C:\Users\Mansi\.m2\repository\io\cucumber\cucumber-plugin\7.14.0\cucumber-plugin-7.14.0.jar;C:\Users\Mansi\.m2\repository\io\cucumber\docstring\7.14.0\docstring-7.14.0.jar;C:\Users\Mansi\.m2\repository\io\cucumber\html-formatter\20.4.0\html-formatter-20.4.0.jar;C:\Users\Mansi\.m2\repository\io\cucumber\junit-xml-formatter\0.2.0\junit-xml-formatter-0.2.0.jar;C:\Users\Mansi\.m2\repository\io\cucumber\ci-environment\9.2.0\ci-environment-9.2.0.jar;C:\Users\Mansi\.m2\repository\io\cucumber\cucumber-java\7.14.0\cucumber-java-7.14.0.jar;C:\Users\Mansi\.m2\repository\io\cucumber\cucumber-junit\7.14.0\cucumber-junit-7.14.0.jar;C:\Users\Mansi\.m2\repository\org\apiguardian\apiguardian-api\1.1.2\apiguardian-api-1.1.2.jar;C:\Users\Mansi\.m2\repository\org\apache\commons\commons-csv\1.5\commons-csv-1.5.jar;C:\Users\Mansi\.m2\repository\net\serenity-bdd\serenity-screenplay-rest\4.0.14\serenity-screenplay-rest-4.0.14.jar;C:\Users\Mansi\.m2\repository\net\serenity-bdd\serenity-rest-assured\4.0.14\serenity-rest-assured-4.0.14.jar;C:\Users\Mansi\.m2\repository\org\apache\groovy\groovy-json\4.0.13\groovy-json-4.0.13.jar;C:\Users\Mansi\.m2\repository\org\apache\groovy\groovy-xml\4.0.13\groovy-xml-4.0.13.jar;C:\Users\Mansi\.m2\repository\org\opentest4j\opentest4j\1.2.0\opentest4j-1.2.0.jar;C:\Users\Mansi\.m2\repository\io\rest-assured\rest-assured\5.3.2\rest-assured-5.3.2.jar;C:\Users\Mansi\.m2\repository\org\apache\httpcomponents\httpmime\4.5.13\httpmime-4.5.13.jar;C:\Users\Mansi\.m2\repository\org\ccil\cowan\tagsoup\tagsoup\1.2.1\tagsoup-1.2.1.jar;C:\Users\Mansi\.m2\repository\io\rest-assured\json-path\5.3.2\json-path-5.3.2.jar;C:\Users\Mansi\.m2\repository\io\rest-assured\rest-assured-common\5.3.2\rest-assured-common-5.3.2.jar;C:\Users\Mansi\.m2\repository\io\rest-assured\xml-path\5.3.2\xml-path-5.3.2.jar;C:\Users\Mansi\.m2\repository\junit\junit\4.13.2\junit-4.13.2.jar;C:\Users\Mansi\.m2\repository\org\hamcrest\hamcrest-core\1.3\hamcrest-core-1.3.jar;C:\Users\Mansi\.m2\repository\net\serenity-bdd\serenity-junit\4.0.14\serenity-junit-4.0.14.jar;C:\Users\Mansi\.m2\repository\jakarta\xml\bind\jakarta.xml.bind-api\4.0.0\jakarta.xml.bind-api-4.0.0.jar;C:\Users\Mansi\.m2\repository\jakarta\activation\jakarta.activation-api\2.1.0\jakarta.activation-api-2.1.0.jar;C:\Users\Mansi\.m2\repository\org\assertj\assertj-core\3.24.2\assertj-core-3.24.2.jar;C:\Users\Mansi\.m2\repository\net\bytebuddy\byte-buddy\1.12.21\byte-buddy-1.12.21.jar;"/>
    <property name="java.vm.vendor" value="Eclipse Adoptium"/>
    <property name="sun.arch.data.model" value="64"/>
    <property name="user.variant" value=""/>
    <property name="java.vendor.url" value="https://adoptium.net/"/>
    <property name="user.timezone" value="Asia/Calcutta"/>
    <property name="os.name" value="Windows 11"/>
    <property name="java.vm.specification.version" value="17"/>
    <property name="sun.java.launcher" value="SUN_STANDARD"/>
    <property name="user.country" value="IN"/>
    <property name="sun.boot.library.path" value="C:\Users\Mansi\.p2\pool\plugins\org.eclipse.justj.openjdk.hotspot.jre.full.win32.x86_64_17.0.8.v20230831-1047\jre\bin"/>
    <property name="sun.java.command" value="C:\Users\Mansi\AppData\Local\Temp\surefire10660907321832002787\surefirebooter-20231024222112598_3.jar C:\Users\Mansi\AppData\Local\Temp\surefire10660907321832002787 2023-10-24T22-21-12_499-jvmRun1 surefire-20231024222112598_1tmp surefire_0-20231024222112598_2tmp"/>
    <property name="jdk.debug" value="release"/>
    <property name="surefire.test.class.path" value="C:\Users\Mansi\eclipse-workspace\FinalProject\target\test-classes;C:\Users\Mansi\eclipse-workspace\FinalProject\target\CustomerRegistration-0.0.1-SNAPSHOT.jar;C:\Users\Mansi\.m2\repository\net\serenity-bdd\serenity-core\4.0.14\serenity-core-4.0.14.jar;C:\Users\Mansi\.m2\repository\net\serenity-bdd\serenity-model\4.0.14\serenity-model-4.0.14.jar;C:\Users\Mansi\.m2\repository\org\apache\commons\commons-text\1.10.0\commons-text-1.10.0.jar;C:\Users\Mansi\.m2\repository\commons-net\commons-net\3.9.0\commons-net-3.9.0.jar;C:\Users\Mansi\.m2\repository\com\google\guava\guava\32.1.2-jre\guava-32.1.2-jre.jar;C:\Users\Mansi\.m2\repository\com\google\guava\failureaccess\1.0.1\failureaccess-1.0.1.jar;C:\Users\Mansi\.m2\repository\com\google\guava\listenablefuture\9999.0-empty-to-avoid-conflict-with-guava\listenablefuture-9999.0-empty-to-avoid-conflict-with-guava.jar;C:\Users\Mansi\.m2\repository\com\google\code\findbugs\jsr305\3.0.2\jsr305-3.0.2.jar;C:\Users\Mansi\.m2\repository\org\checkerframework\checker-qual\3.33.0\checker-qual-3.33.0.jar;C:\Users\Mansi\.m2\repository\com\google\errorprone\error_prone_annotations\2.18.0\error_prone_annotations-2.18.0.jar;C:\Users\Mansi\.m2\repository\com\google\j2objc\j2objc-annotations\2.8\j2objc-annotations-2.8.jar;C:\Users\Mansi\.m2\repository\org\jsoup\jsoup\1.15.4\jsoup-1.15.4.jar;C:\Users\Mansi\.m2\repository\com\thoughtworks\xstream\xstream\1.4.20\xstream-1.4.20.jar;C:\Users\Mansi\.m2\repository\io\github\x-stream\mxparser\1.2.2\mxparser-1.2.2.jar;C:\Users\Mansi\.m2\repository\xmlpull\xmlpull\1.1.3.1\xmlpull-1.1.3.1.jar;C:\Users\Mansi\.m2\repository\com\typesafe\config\1.4.2\config-1.4.2.jar;C:\Users\Mansi\.m2\repository\org\imgscalr\imgscalr-lib\4.2\imgscalr-lib-4.2.jar;C:\Users\Mansi\.m2\repository\org\awaitility\awaitility\4.2.0\awaitility-4.2.0.jar;C:\Users\Mansi\.m2\repository\org\freemarker\freemarker\2.3.32\freemarker-2.3.32.jar;C:\Users\Mansi\.m2\repository\io\github\classgraph\classgraph\4.8.157\classgraph-4.8.157.jar;C:\Users\Mansi\.m2\repository\com\github\ben-manes\caffeine\caffeine\2.9.2\caffeine-2.9.2.jar;C:\Users\Mansi\.m2\repository\org\ehcache\ehcache\3.10.8\ehcache-3.10.8.jar;C:\Users\Mansi\.m2\repository\javax\cache\cache-api\1.1.0\cache-api-1.1.0.jar;C:\Users\Mansi\.m2\repository\net\sourceforge\jexcelapi\jxl\2.6.12\jxl-2.6.12.jar;C:\Users\Mansi\.m2\repository\net\bytebuddy\byte-buddy-agent\1.14.7\byte-buddy-agent-1.14.7.jar;C:\Users\Mansi\.m2\repository\org\objenesis\objenesis\3.3\objenesis-3.3.jar;C:\Users\Mansi\.m2\repository\com\vladsch\flexmark\flexmark-all\0.64.8\flexmark-all-0.64.8.jar;C:\Users\Mansi\.m2\repository\com\vladsch\flexmark\flexmark\0.64.8\flexmark-0.64.8.jar;C:\Users\Mansi\.m2\repository\com\vladsch\flexmark\flexmark-ext-abbreviation\0.64.8\flexmark-ext-abbreviation-0.64.8.jar;C:\Users\Mansi\.m2\repository\com\vladsch\flexmark\flexmark-ext-admonition\0.64.8\flexmark-ext-admonition-0.64.8.jar;C:\Users\Mansi\.m2\repository\com\vladsch\flexmark\flexmark-ext-anchorlink\0.64.8\flexmark-ext-anchorlink-0.64.8.jar;C:\Users\Mansi\.m2\repository\com\vladsch\flexmark\flexmark-ext-aside\0.64.8\flexmark-ext-aside-0.64.8.jar;C:\Users\Mansi\.m2\repository\com\vladsch\flexmark\flexmark-ext-attributes\0.64.8\flexmark-ext-attributes-0.64.8.jar;C:\Users\Mansi\.m2\repository\com\vladsch\flexmark\flexmark-ext-autolink\0.64.8\flexmark-ext-autolink-0.64.8.jar;C:\Users\Mansi\.m2\repository\org\nibor\autolink\autolink\0.6.0\autolink-0.6.0.jar;C:\Users\Mansi\.m2\repository\com\vladsch\flexmark\flexmark-ext-definition\0.64.8\flexmark-ext-definition-0.64.8.jar;C:\Users\Mansi\.m2\repository\com\vladsch\flexmark\flexmark-ext-emoji\0.64.8\flexmark-ext-emoji-0.64.8.jar;C:\Users\Mansi\.m2\repository\com\vladsch\flexmark\flexmark-ext-enumerated-reference\0.64.8\flexmark-ext-enumerated-reference-0.64.8.jar;C:\Users\Mansi\.m2\repository\com\vladsch\flexmark\flexmark-ext-escaped-character\0.64.8\flexmark-ext-escaped-character-0.64.8.jar;C:\Users\Mansi\.m2\repository\com\vladsch\flexmark\flexmark-ext-footnotes\0.64.8\flexmark-ext-footnotes-0.64.8.jar;C:\Users\Mansi\.m2\repository\com\vladsch\flexmark\flexmark-ext-gfm-issues\0.64.8\flexmark-ext-gfm-issues-0.64.8.jar;C:\Users\Mansi\.m2\repository\com\vladsch\flexmark\flexmark-ext-gfm-strikethrough\0.64.8\flexmark-ext-gfm-strikethrough-0.64.8.jar;C:\Users\Mansi\.m2\repository\com\vladsch\flexmark\flexmark-ext-gfm-tasklist\0.64.8\flexmark-ext-gfm-tasklist-0.64.8.jar;C:\Users\Mansi\.m2\repository\com\vladsch\flexmark\flexmark-ext-gfm-users\0.64.8\flexmark-ext-gfm-users-0.64.8.jar;C:\Users\Mansi\.m2\repository\com\vladsch\flexmark\flexmark-ext-gitlab\0.64.8\flexmark-ext-gitlab-0.64.8.jar;C:\Users\Mansi\.m2\repository\com\vladsch\flexmark\flexmark-ext-jekyll-front-matter\0.64.8\flexmark-ext-jekyll-front-matter-0.64.8.jar;C:\Users\Mansi\.m2\repository\com\vladsch\flexmark\flexmark-ext-jekyll-tag\0.64.8\flexmark-ext-jekyll-tag-0.64.8.jar;C:\Users\Mansi\.m2\repository\com\vladsch\flexmark\flexmark-ext-media-tags\0.64.8\flexmark-ext-media-tags-0.64.8.jar;C:\Users\Mansi\.m2\repository\com\vladsch\flexmark\flexmark-ext-macros\0.64.8\flexmark-ext-macros-0.64.8.jar;C:\Users\Mansi\.m2\repository\com\vladsch\flexmark\flexmark-ext-ins\0.64.8\flexmark-ext-ins-0.64.8.jar;C:\Users\Mansi\.m2\repository\com\vladsch\flexmark\flexmark-ext-xwiki-macros\0.64.8\flexmark-ext-xwiki-macros-0.64.8.jar;C:\Users\Mansi\.m2\repository\com\vladsch\flexmark\flexmark-ext-superscript\0.64.8\flexmark-ext-superscript-0.64.8.jar;C:\Users\Mansi\.m2\repository\com\vladsch\flexmark\flexmark-ext-toc\0.64.8\flexmark-ext-toc-0.64.8.jar;C:\Users\Mansi\.m2\repository\com\vladsch\flexmark\flexmark-ext-typographic\0.64.8\flexmark-ext-typographic-0.64.8.jar;C:\Users\Mansi\.m2\repository\com\vladsch\flexmark\flexmark-ext-wikilink\0.64.8\flexmark-ext-wikilink-0.64.8.jar;C:\Users\Mansi\.m2\repository\com\vladsch\flexmark\flexmark-ext-yaml-front-matter\0.64.8\flexmark-ext-yaml-front-matter-0.64.8.jar;C:\Users\Mansi\.m2\repository\com\vladsch\flexmark\flexmark-ext-youtube-embedded\0.64.8\flexmark-ext-youtube-embedded-0.64.8.jar;C:\Users\Mansi\.m2\repository\com\vladsch\flexmark\flexmark-html2md-converter\0.64.8\flexmark-html2md-converter-0.64.8.jar;C:\Users\Mansi\.m2\repository\com\vladsch\flexmark\flexmark-jira-converter\0.64.8\flexmark-jira-converter-0.64.8.jar;C:\Users\Mansi\.m2\repository\com\vladsch\flexmark\flexmark-pdf-converter\0.64.8\flexmark-pdf-converter-0.64.8.jar;C:\Users\Mansi\.m2\repository\com\openhtmltopdf\openhtmltopdf-core\1.0.10\openhtmltopdf-core-1.0.10.jar;C:\Users\Mansi\.m2\repository\com\openhtmltopdf\openhtmltopdf-pdfbox\1.0.10\openhtmltopdf-pdfbox-1.0.10.jar;C:\Users\Mansi\.m2\repository\org\apache\pdfbox\pdfbox\2.0.24\pdfbox-2.0.24.jar;C:\Users\Mansi\.m2\repository\org\apache\pdfbox\fontbox\2.0.24\fontbox-2.0.24.jar;C:\Users\Mansi\.m2\repository\org\apache\pdfbox\xmpbox\2.0.24\xmpbox-2.0.24.jar;C:\Users\Mansi\.m2\repository\de\rototor\pdfbox\graphics2d\0.32\graphics2d-0.32.jar;C:\Users\Mansi\.m2\repository\com\openhtmltopdf\openhtmltopdf-rtl-support\1.0.10\openhtmltopdf-rtl-support-1.0.10.jar;C:\Users\Mansi\.m2\repository\com\vladsch\flexmark\flexmark-profile-pegdown\0.64.8\flexmark-profile-pegdown-0.64.8.jar;C:\Users\Mansi\.m2\repository\com\vladsch\flexmark\flexmark-util-ast\0.64.8\flexmark-util-ast-0.64.8.jar;C:\Users\Mansi\.m2\repository\org\jetbrains\annotations\24.0.1\annotations-24.0.1.jar;C:\Users\Mansi\.m2\repository\com\vladsch\flexmark\flexmark-util-builder\0.64.8\flexmark-util-builder-0.64.8.jar;C:\Users\Mansi\.m2\repository\com\vladsch\flexmark\flexmark-util-collection\0.64.8\flexmark-util-collection-0.64.8.jar;C:\Users\Mansi\.m2\repository\com\vladsch\flexmark\flexmark-util-data\0.64.8\flexmark-util-data-0.64.8.jar;C:\Users\Mansi\.m2\repository\com\vladsch\flexmark\flexmark-util-dependency\0.64.8\flexmark-util-dependency-0.64.8.jar;C:\Users\Mansi\.m2\repository\com\vladsch\flexmark\flexmark-util-format\0.64.8\flexmark-util-format-0.64.8.jar;C:\Users\Mansi\.m2\repository\com\vladsch\flexmark\flexmark-util-html\0.64.8\flexmark-util-html-0.64.8.jar;C:\Users\Mansi\.m2\repository\com\vladsch\flexmark\flexmark-util-misc\0.64.8\flexmark-util-misc-0.64.8.jar;C:\Users\Mansi\.m2\repository\com\vladsch\flexmark\flexmark-util-options\0.64.8\flexmark-util-options-0.64.8.jar;C:\Users\Mansi\.m2\repository\com\vladsch\flexmark\flexmark-util-sequence\0.64.8\flexmark-util-sequence-0.64.8.jar;C:\Users\Mansi\.m2\repository\com\vladsch\flexmark\flexmark-util-visitor\0.64.8\flexmark-util-visitor-0.64.8.jar;C:\Users\Mansi\.m2\repository\com\vladsch\flexmark\flexmark-youtrack-converter\0.64.8\flexmark-youtrack-converter-0.64.8.jar;C:\Users\Mansi\.m2\repository\com\vladsch\flexmark\flexmark-ext-resizable-image\0.64.8\flexmark-ext-resizable-image-0.64.8.jar;C:\Users\Mansi\.m2\repository\com\vladsch\flexmark\flexmark-ext-tables\0.64.8\flexmark-ext-tables-0.64.8.jar;C:\Users\Mansi\.m2\repository\com\vladsch\flexmark\flexmark-util\0.64.8\flexmark-util-0.64.8.jar;C:\Users\Mansi\.m2\repository\net\serenity-bdd\serenity-reports\4.0.14\serenity-reports-4.0.14.jar;C:\Users\Mansi\.m2\repository\net\serenity-bdd\serenity-stats\4.0.14\serenity-stats-4.0.14.jar;C:\Users\Mansi\.m2\repository\org\jetbrains\kotlin\kotlin-stdlib\1.9.0\kotlin-stdlib-1.9.0.jar;C:\Users\Mansi\.m2\repository\org\jetbrains\kotlin\kotlin-stdlib-common\1.9.0\kotlin-stdlib-common-1.9.0.jar;C:\Users\Mansi\.m2\repository\net\serenity-bdd\serenity-reports-configuration\4.0.14\serenity-reports-configuration-4.0.14.jar;C:\Users\Mansi\.m2\repository\com\ibm\icu\icu4j\72.1\icu4j-72.1.jar;C:\Users\Mansi\.m2\repository\es\nitaur\markdown\txtmark\0.16\txtmark-0.16.jar;C:\Users\Mansi\.m2\repository\net\serenity-bdd\serenity-report-resources\4.0.14\serenity-report-resources-4.0.14.jar;C:\Users\Mansi\.m2\repository\com\google\code\gson\gson\2.10.1\gson-2.10.1.jar;C:\Users\Mansi\.m2\repository\com\fasterxml\jackson\core\jackson-core\2.15.2\jackson-core-2.15.2.jar;C:\Users\Mansi\.m2\repository\com\fasterxml\jackson\core\jackson-databind\2.15.2\jackson-databind-2.15.2.jar;C:\Users\Mansi\.m2\repository\com\fasterxml\jackson\core\jackson-annotations\2.15.2\jackson-annotations-2.15.2.jar;C:\Users\Mansi\.m2\repository\commons-codec\commons-codec\1.16.0\commons-codec-1.16.0.jar;C:\Users\Mansi\.m2\repository\commons-io\commons-io\2.11.0\commons-io-2.11.0.jar;C:\Users\Mansi\.m2\repository\org\apache\httpcomponents\httpclient\4.5.13\httpclient-4.5.13.jar;C:\Users\Mansi\.m2\repository\org\apache\httpcomponents\httpcore\4.4.13\httpcore-4.4.13.jar;C:\Users\Mansi\.m2\repository\commons-logging\commons-logging\1.2\commons-logging-1.2.jar;C:\Users\Mansi\.m2\repository\org\seleniumhq\selenium\selenium-java\4.13.0\selenium-java-4.13.0.jar;C:\Users\Mansi\.m2\repository\org\seleniumhq\selenium\selenium-devtools-v115\4.13.0\selenium-devtools-v115-4.13.0.jar;C:\Users\Mansi\.m2\repository\org\seleniumhq\selenium\selenium-devtools-v116\4.13.0\selenium-devtools-v116-4.13.0.jar;C:\Users\Mansi\.m2\repository\org\seleniumhq\selenium\selenium-devtools-v117\4.13.0\selenium-devtools-v117-4.13.0.jar;C:\Users\Mansi\.m2\repository\org\seleniumhq\selenium\selenium-devtools-v85\4.13.0\selenium-devtools-v85-4.13.0.jar;C:\Users\Mansi\.m2\repository\org\seleniumhq\selenium\selenium-remote-driver\4.13.0\selenium-remote-driver-4.13.0.jar;C:\Users\Mansi\.m2\repository\io\netty\netty-buffer\4.1.96.Final\netty-buffer-4.1.96.Final.jar;C:\Users\Mansi\.m2\repository\io\netty\netty-codec-http\4.1.96.Final\netty-codec-http-4.1.96.Final.jar;C:\Users\Mansi\.m2\repository\io\netty\netty-codec\4.1.96.Final\netty-codec-4.1.96.Final.jar;C:\Users\Mansi\.m2\repository\io\netty\netty-handler\4.1.96.Final\netty-handler-4.1.96.Final.jar;C:\Users\Mansi\.m2\repository\io\netty\netty-common\4.1.96.Final\netty-common-4.1.96.Final.jar;C:\Users\Mansi\.m2\repository\io\netty\netty-transport-classes-epoll\4.1.96.Final\netty-transport-classes-epoll-4.1.96.Final.jar;C:\Users\Mansi\.m2\repository\io\netty\netty-transport-classes-kqueue\4.1.96.Final\netty-transport-classes-kqueue-4.1.96.Final.jar;C:\Users\Mansi\.m2\repository\io\netty\netty-transport-native-epoll\4.1.96.Final\netty-transport-native-epoll-4.1.96.Final.jar;C:\Users\Mansi\.m2\repository\io\netty\netty-transport-native-kqueue\4.1.96.Final\netty-transport-native-kqueue-4.1.96.Final.jar;C:\Users\Mansi\.m2\repository\io\netty\netty-transport-native-unix-common\4.1.96.Final\netty-transport-native-unix-common-4.1.96.Final.jar;C:\Users\Mansi\.m2\repository\io\netty\netty-transport\4.1.96.Final\netty-transport-4.1.96.Final.jar;C:\Users\Mansi\.m2\repository\io\netty\netty-resolver\4.1.96.Final\netty-resolver-4.1.96.Final.jar;C:\Users\Mansi\.m2\repository\io\opentelemetry\opentelemetry-api\1.28.0\opentelemetry-api-1.28.0.jar;C:\Users\Mansi\.m2\repository\io\opentelemetry\opentelemetry-context\1.28.0\opentelemetry-context-1.28.0.jar;C:\Users\Mansi\.m2\repository\io\opentelemetry\opentelemetry-exporter-logging\1.28.0\opentelemetry-exporter-logging-1.28.0.jar;C:\Users\Mansi\.m2\repository\io\opentelemetry\opentelemetry-sdk-metrics\1.28.0\opentelemetry-sdk-metrics-1.28.0.jar;C:\Users\Mansi\.m2\repository\io\opentelemetry\opentelemetry-extension-incubator\1.28.0-alpha\opentelemetry-extension-incubator-1.28.0-alpha.jar;C:\Users\Mansi\.m2\repository\io\opentelemetry\opentelemetry-sdk-logs\1.28.0\opentelemetry-sdk-logs-1.28.0.jar;C:\Users\Mansi\.m2\repository\io\opentelemetry\opentelemetry-sdk-common\1.28.0\opentelemetry-sdk-common-1.28.0.jar;C:\Users\Mansi\.m2\repository\io\opentelemetry\opentelemetry-sdk-extension-autoconfigure-spi\1.28.0\opentelemetry-sdk-extension-autoconfigure-spi-1.28.0.jar;C:\Users\Mansi\.m2\repository\io\opentelemetry\opentelemetry-sdk-extension-autoconfigure\1.28.0\opentelemetry-sdk-extension-autoconfigure-1.28.0.jar;C:\Users\Mansi\.m2\repository\io\opentelemetry\opentelemetry-api-events\1.28.0-alpha\opentelemetry-api-events-1.28.0-alpha.jar;C:\Users\Mansi\.m2\repository\io\opentelemetry\opentelemetry-sdk-trace\1.28.0\opentelemetry-sdk-trace-1.28.0.jar;C:\Users\Mansi\.m2\repository\io\opentelemetry\opentelemetry-sdk\1.28.0\opentelemetry-sdk-1.28.0.jar;C:\Users\Mansi\.m2\repository\io\opentelemetry\opentelemetry-semconv\1.28.0-alpha\opentelemetry-semconv-1.28.0-alpha.jar;C:\Users\Mansi\.m2\repository\org\asynchttpclient\async-http-client\2.12.3\async-http-client-2.12.3.jar;C:\Users\Mansi\.m2\repository\org\asynchttpclient\async-http-client-netty-utils\2.12.3\async-http-client-netty-utils-2.12.3.jar;C:\Users\Mansi\.m2\repository\io\netty\netty-codec-socks\4.1.60.Final\netty-codec-socks-4.1.60.Final.jar;C:\Users\Mansi\.m2\repository\io\netty\netty-handler-proxy\4.1.60.Final\netty-handler-proxy-4.1.60.Final.jar;C:\Users\Mansi\.m2\repository\io\netty\netty-transport-native-epoll\4.1.60.Final\netty-transport-native-epoll-4.1.60.Final-linux-x86_64.jar;C:\Users\Mansi\.m2\repository\io\netty\netty-transport-native-kqueue\4.1.60.Final\netty-transport-native-kqueue-4.1.60.Final-osx-x86_64.jar;C:\Users\Mansi\.m2\repository\org\reactivestreams\reactive-streams\1.0.3\reactive-streams-1.0.3.jar;C:\Users\Mansi\.m2\repository\com\typesafe\netty\netty-reactive-streams\2.0.4\netty-reactive-streams-2.0.4.jar;C:\Users\Mansi\.m2\repository\org\seleniumhq\selenium\selenium-os\4.13.0\selenium-os-4.13.0.jar;C:\Users\Mansi\.m2\repository\org\apache\commons\commons-exec\1.3\commons-exec-1.3.jar;C:\Users\Mansi\.m2\repository\org\seleniumhq\selenium\selenium-safari-driver\4.13.0\selenium-safari-driver-4.13.0.jar;C:\Users\Mansi\.m2\repository\org\seleniumhq\selenium\selenium-api\4.13.0\selenium-api-4.13.0.jar;C:\Users\Mansi\.m2\repository\org\seleniumhq\selenium\selenium-support\4.13.0\selenium-support-4.13.0.jar;C:\Users\Mansi\.m2\repository\com\google\auto\service\auto-service-annotations\1.1.1\auto-service-annotations-1.1.1.jar;C:\Users\Mansi\.m2\repository\org\seleniumhq\selenium\selenium-json\4.13.0\selenium-json-4.13.0.jar;C:\Users\Mansi\.m2\repository\org\seleniumhq\selenium\selenium-chrome-driver\4.13.0\selenium-chrome-driver-4.13.0.jar;C:\Users\Mansi\.m2\repository\org\seleniumhq\selenium\selenium-chromium-driver\4.13.0\selenium-chromium-driver-4.13.0.jar;C:\Users\Mansi\.m2\repository\org\seleniumhq\selenium\selenium-manager\4.13.0\selenium-manager-4.13.0.jar;C:\Users\Mansi\.m2\repository\org\seleniumhq\selenium\selenium-firefox-driver\4.13.0\selenium-firefox-driver-4.13.0.jar;C:\Users\Mansi\.m2\repository\org\seleniumhq\selenium\selenium-http\4.13.0\selenium-http-4.13.0.jar;C:\Users\Mansi\.m2\repository\dev\failsafe\failsafe\3.3.2\failsafe-3.3.2.jar;C:\Users\Mansi\.m2\repository\org\seleniumhq\selenium\selenium-edge-driver\4.13.0\selenium-edge-driver-4.13.0.jar;C:\Users\Mansi\.m2\repository\org\seleniumhq\selenium\selenium-ie-driver\4.13.0\selenium-ie-driver-4.13.0.jar;C:\Users\Mansi\.m2\repository\org\htmlunit\htmlunit\3.4.0\htmlunit-3.4.0.jar;C:\Users\Mansi\.m2\repository\org\htmlunit\htmlunit-core-js\3.4.0\htmlunit-core-js-3.4.0.jar;C:\Users\Mansi\.m2\repository\org\htmlunit\neko-htmlunit\3.4.0\neko-htmlunit-3.4.0.jar;C:\Users\Mansi\.m2\repository\org\htmlunit\htmlunit-cssparser\3.4.0\htmlunit-cssparser-3.4.0.jar;C:\Users\Mansi\.m2\repository\org\htmlunit\htmlunit-xpath\3.4.0\htmlunit-xpath-3.4.0.jar;C:\Users\Mansi\.m2\repository\org\brotli\dec\0.1.2\dec-0.1.2.jar;C:\Users\Mansi\.m2\repository\com\shapesecurity\salvation2\3.0.1\salvation2-3.0.1.jar;C:\Users\Mansi\.m2\repository\org\eclipse\jetty\websocket\websocket-client\9.4.51.v20230217\websocket-client-9.4.51.v20230217.jar;C:\Users\Mansi\.m2\repository\org\eclipse\jetty\jetty-client\9.4.51.v20230217\jetty-client-9.4.51.v20230217.jar;C:\Users\Mansi\.m2\repository\org\eclipse\jetty\jetty-http\9.4.51.v20230217\jetty-http-9.4.51.v20230217.jar;C:\Users\Mansi\.m2\repository\org\eclipse\jetty\jetty-util\9.4.51.v20230217\jetty-util-9.4.51.v20230217.jar;C:\Users\Mansi\.m2\repository\org\eclipse\jetty\jetty-io\9.4.51.v20230217\jetty-io-9.4.51.v20230217.jar;C:\Users\Mansi\.m2\repository\org\eclipse\jetty\websocket\websocket-common\9.4.51.v20230217\websocket-common-9.4.51.v20230217.jar;C:\Users\Mansi\.m2\repository\org\eclipse\jetty\websocket\websocket-api\9.4.51.v20230217\websocket-api-9.4.51.v20230217.jar;C:\Users\Mansi\.m2\repository\org\seleniumhq\selenium\htmlunit3-driver\4.10.0\htmlunit3-driver-4.10.0.jar;C:\Users\Mansi\.m2\repository\io\appium\java-client\8.5.1\java-client-8.5.1.jar;C:\Users\Mansi\.m2\repository\commons-validator\commons-validator\1.7\commons-validator-1.7.jar;C:\Users\Mansi\.m2\repository\commons-beanutils\commons-beanutils\1.9.4\commons-beanutils-1.9.4.jar;C:\Users\Mansi\.m2\repository\commons-digester\commons-digester\2.1\commons-digester-2.1.jar;C:\Users\Mansi\.m2\repository\org\apache\groovy\groovy\4.0.13\groovy-4.0.13.jar;C:\Users\Mansi\.m2\repository\net\sf\opencsv\opencsv\2.0\opencsv-2.0.jar;C:\Users\Mansi\.m2\repository\org\apache\commons\commons-lang3\3.13.0\commons-lang3-3.13.0.jar;C:\Users\Mansi\.m2\repository\org\apache\commons\commons-compress\1.23.0\commons-compress-1.23.0.jar;C:\Users\Mansi\.m2\repository\org\fluentlenium\fluentlenium-core\0.10.2\fluentlenium-core-0.10.2.jar;C:\Users\Mansi\.m2\repository\com\jhlabs\filters\2.0.235\filters-2.0.235.jar;C:\Users\Mansi\.m2\repository\com\paulhammant\ngwebdriver\1.1.6\ngwebdriver-1.1.6.jar;C:\Users\Mansi\.m2\repository\joda-time\joda-time\2.12.2\joda-time-2.12.2.jar;C:\Users\Mansi\.m2\repository\org\hamcrest\hamcrest\2.2\hamcrest-2.2.jar;C:\Users\Mansi\.m2\repository\com\google\jimfs\jimfs\1.3.0\jimfs-1.3.0.jar;C:\Users\Mansi\.m2\repository\org\mockito\mockito-core\3.3.3\mockito-core-3.3.3.jar;C:\Users\Mansi\.m2\repository\javax\xml\bind\jaxb-api\2.3.1\jaxb-api-2.3.1.jar;C:\Users\Mansi\.m2\repository\javax\activation\javax.activation-api\1.2.0\javax.activation-api-1.2.0.jar;C:\Users\Mansi\.m2\repository\com\sun\xml\bind\jaxb-core\2.3.0.1\jaxb-core-2.3.0.1.jar;C:\Users\Mansi\.m2\repository\com\sun\xml\bind\jaxb-impl\2.3.3\jaxb-impl-2.3.3.jar;C:\Users\Mansi\.m2\repository\com\sun\activation\jakarta.activation\1.2.2\jakarta.activation-1.2.2.jar;C:\Users\Mansi\.m2\repository\javax\activation\activation\1.1.1\activation-1.1.1.jar;C:\Users\Mansi\.m2\repository\org\slf4j\slf4j-simple\2.0.9\slf4j-simple-2.0.9.jar;C:\Users\Mansi\.m2\repository\org\slf4j\slf4j-api\2.0.9\slf4j-api-2.0.9.jar;C:\Users\Mansi\.m2\repository\net\serenity-bdd\serenity-cucumber\4.0.14\serenity-cucumber-4.0.14.jar;C:\Users\Mansi\.m2\repository\net\serenity-bdd\serenity-screenplay\4.0.14\serenity-screenplay-4.0.14.jar;C:\Users\Mansi\.m2\repository\net\serenity-bdd\serenity-screenplay-webdriver\4.0.14\serenity-screenplay-webdriver-4.0.14.jar;C:\Users\Mansi\.m2\repository\io\cucumber\cucumber-core\7.14.0\cucumber-core-7.14.0.jar;C:\Users\Mansi\.m2\repository\io\cucumber\cucumber-gherkin\7.14.0\cucumber-gherkin-7.14.0.jar;C:\Users\Mansi\.m2\repository\io\cucumber\cucumber-gherkin-messages\7.14.0\cucumber-gherkin-messages-7.14.0.jar;C:\Users\Mansi\.m2\repository\io\cucumber\gherkin\26.2.0\gherkin-26.2.0.jar;C:\Users\Mansi\.m2\repository\io\cucumber\messages\22.0.0\messages-22.0.0.jar;C:\Users\Mansi\.m2\repository\io\cucumber\tag-expressions\5.0.6\tag-expressions-5.0.6.jar;C:\Users\Mansi\.m2\repository\io\cucumber\cucumber-expressions\16.1.2\cucumber-expressions-16.1.2.jar;C:\Users\Mansi\.m2\repository\io\cucumber\datatable\7.14.0\datatable-7.14.0.jar;C:\Users\Mansi\.m2\repository\io\cucumber\cucumber-plugin\7.14.0\cucumber-plugin-7.14.0.jar;C:\Users\Mansi\.m2\repository\io\cucumber\docstring\7.14.0\docstring-7.14.0.jar;C:\Users\Mansi\.m2\repository\io\cucumber\html-formatter\20.4.0\html-formatter-20.4.0.jar;C:\Users\Mansi\.m2\repository\io\cucumber\junit-xml-formatter\0.2.0\junit-xml-formatter-0.2.0.jar;C:\Users\Mansi\.m2\repository\io\cucumber\ci-environment\9.2.0\ci-environment-9.2.0.jar;C:\Users\Mansi\.m2\repository\io\cucumber\cucumber-java\7.14.0\cucumber-java-7.14.0.jar;C:\Users\Mansi\.m2\repository\io\cucumber\cucumber-junit\7.14.0\cucumber-junit-7.14.0.jar;C:\Users\Mansi\.m2\repository\org\apiguardian\apiguardian-api\1.1.2\apiguardian-api-1.1.2.jar;C:\Users\Mansi\.m2\repository\org\apache\commons\commons-csv\1.5\commons-csv-1.5.jar;C:\Users\Mansi\.m2\repository\net\serenity-bdd\serenity-screenplay-rest\4.0.14\serenity-screenplay-rest-4.0.14.jar;C:\Users\Mansi\.m2\repository\net\serenity-bdd\serenity-rest-assured\4.0.14\serenity-rest-assured-4.0.14.jar;C:\Users\Mansi\.m2\repository\org\apache\groovy\groovy-json\4.0.13\groovy-json-4.0.13.jar;C:\Users\Mansi\.m2\repository\org\apache\groovy\groovy-xml\4.0.13\groovy-xml-4.0.13.jar;C:\Users\Mansi\.m2\repository\org\opentest4j\opentest4j\1.2.0\opentest4j-1.2.0.jar;C:\Users\Mansi\.m2\repository\io\rest-assured\rest-assured\5.3.2\rest-assured-5.3.2.jar;C:\Users\Mansi\.m2\repository\org\apache\httpcomponents\httpmime\4.5.13\httpmime-4.5.13.jar;C:\Users\Mansi\.m2\repository\org\ccil\cowan\tagsoup\tagsoup\1.2.1\tagsoup-1.2.1.jar;C:\Users\Mansi\.m2\repository\io\rest-assured\json-path\5.3.2\json-path-5.3.2.jar;C:\Users\Mansi\.m2\repository\io\rest-assured\rest-assured-common\5.3.2\rest-assured-common-5.3.2.jar;C:\Users\Mansi\.m2\repository\io\rest-assured\xml-path\5.3.2\xml-path-5.3.2.jar;C:\Users\Mansi\.m2\repository\junit\junit\4.13.2\junit-4.13.2.jar;C:\Users\Mansi\.m2\repository\org\hamcrest\hamcrest-core\1.3\hamcrest-core-1.3.jar;C:\Users\Mansi\.m2\repository\net\serenity-bdd\serenity-junit\4.0.14\serenity-junit-4.0.14.jar;C:\Users\Mansi\.m2\repository\jakarta\xml\bind\jakarta.xml.bind-api\4.0.0\jakarta.xml.bind-api-4.0.0.jar;C:\Users\Mansi\.m2\repository\jakarta\activation\jakarta.activation-api\2.1.0\jakarta.activation-api-2.1.0.jar;C:\Users\Mansi\.m2\repository\org\assertj\assertj-core\3.24.2\assertj-core-3.24.2.jar;C:\Users\Mansi\.m2\repository\net\bytebuddy\byte-buddy\1.12.21\byte-buddy-1.12.21.jar;"/>
    <property name="sun.cpu.endian" value="little"/>
    <property name="user.home" value="C:\Users\Mansi"/>
    <property name="user.language" value="en"/>
    <property name="java.specification.vendor" value="Oracle Corporation"/>
    <property name="java.version.date" value="2023-08-24"/>
    <property name="java.home" value="C:\Users\Mansi\.p2\pool\plugins\org.eclipse.justj.openjdk.hotspot.jre.full.win32.x86_64_17.0.8.v20230831-1047\jre"/>
    <property name="file.separator" value="\"/>
    <property name="style.color" value="always"/>
    <property name="basedir" value="C:\Users\Mansi\eclipse-workspace\FinalProject"/>
    <property name="java.vm.compressedOopsMode" value="32-bit"/>
    <property name="line.separator" value="&#10;"/>
    <property name="java.vm.specification.vendor" value="Oracle Corporation"/>
    <property name="java.specification.name" value="Java Platform API Specification"/>
    <property name="surefire.real.class.path" value="C:\Users\Mansi\AppData\Local\Temp\surefire10660907321832002787\surefirebooter-20231024222112598_3.jar"/>
    <property name="user.script" value=""/>
    <property name="sun.management.compiler" value="HotSpot 64-Bit Tiered Compilers"/>
    <property name="java.runtime.version" value="17.0.8.1+1"/>
    <property name="user.name" value="Mansi"/>
    <property name="path.separator" value=";"/>
    <property name="os.version" value="10.0"/>
    <property name="java.runtime.name" value="OpenJDK Runtime Environment"/>
    <property name="file.encoding" value="Cp1252"/>
    <property name="java.vm.name" value="OpenJDK 64-Bit Server VM"/>
    <property name="java.vendor.version" value="Temurin-17.0.8.1+1"/>
    <property name="localRepository" value="C:\Users\Mansi\.m2\repository"/>
    <property name="java.vendor.url.bug" value="https://github.com/adoptium/adoptium-support/issues"/>
    <property name="java.io.tmpdir" value="C:\Users\Mansi\AppData\Local\Temp\"/>
    <property name="java.version" value="17.0.8.1"/>
    <property name="user.dir" value="C:\Users\Mansi\eclipse-workspace\FinalProject"/>
    <property name="os.arch" value="amd64"/>
    <property name="java.vm.specification.name" value="Java Virtual Machine Specification"/>
    <property name="sun.os.patch.level" value=""/>
    <property name="native.encoding" value="Cp1252"/>
    <property name="java.library.path" value="C:\Users\Mansi\.p2\pool\plugins\org.eclipse.justj.openjdk.hotspot.jre.full.win32.x86_64_17.0.8.v20230831-1047\jre\bin;C:\WINDOWS\Sun\Java\bin;C:\WINDOWS\system32;C:\WINDOWS;C:/Users/Mansi/.p2/pool/plugins/org.eclipse.justj.openjdk.hotspot.jre.full.win32.x86_64_17.0.8.v20230831-1047/jre/bin/server;C:/Users/Mansi/.p2/pool/plugins/org.eclipse.justj.openjdk.hotspot.jre.full.win32.x86_64_17.0.8.v20230831-1047/jre/bin;C:\WINDOWS\system32;C:\WINDOWS;C:\WINDOWS\System32\Wbem;C:\WINDOWS\System32\WindowsPowerShell\v1.0\;C:\WINDOWS\System32\OpenSSH\;C:\Program Files\Java\jdk-11\bin;C:\Program Files\Java\jdk-11\bin\bin;C:\apache-maven-3.9.4\bin;C:\Program Files\Git\cmd;C:\Users\Mansi\AppData\Local\Microsoft\WindowsApps;;C:\Users\Mansi\AppData\Local\Programs\Microsoft VS Code\bin;C:\Users\Mansi\Desktop;;."/>
    <property name="java.vm.info" value="mixed mode"/>
    <property name="java.vendor" value="Eclipse Adoptium"/>
    <property name="java.vm.version" value="17.0.8.1+1"/>
    <property name="sun.io.unicode.encoding" value="UnicodeLittle"/>
    <property name="java.class.version" value="61.0"/>
  </properties>
  <testcase name="Get Country by Alpha Code and name #1" classname="Testing Country Service" time="4.629">
    <system-out><![CDATA[HTTP/1.1 200 OK
Date: Tue, 24 Oct 2023 16:51:18 GMT
Server: Apache/2.4.38 (Debian)
Cache-Control: public, immutable, max-age=31556926
Content-Type: application/json
content-encoding: gzip
content-length: 2440
Keep-Alive: timeout=5, max=100
Connection: Keep-Alive

[
    {
        "name": {
            "common": "India",
            "official": "Republic of India",
            "nativeName": {
                "eng": {
                    "official": "Republic of India",
                    "common": "India"
                },
                "hin": {
                    "official": "भारत गणराज्य",
                    "common": "भारत"
                },
                "tam": {
                    "official": "இந்தியக் குடியரசு",
                    "common": "இந்தியா"
                }
            }
        },
        "tld": [
            ".in"
        ],
        "cca2": "IN",
        "ccn3": "356",
        "cca3": "IND",
        "cioc": "IND",
        "independent": true,
        "status": "officially-assigned",
        "unMember": true,
        "currencies": {
            "INR": {
                "name": "Indian rupee",
                "symbol": "₹"
            }
        },
        "idd": {
            "root": "+9",
            "suffixes": [
                "1"
            ]
        },
        "capital": [
            "New Delhi"
        ],
        "altSpellings": [
            "IN",
            "Bhārat",
            "Republic of India",
            "Bharat Ganrajya",
            "இந்தியா"
        ],
        "region": "Asia",
        "subregion": "Southern Asia",
        "languages": {
            "eng": "English",
            "hin": "Hindi",
            "tam": "Tamil"
        },
        "translations": {
            "ara": {
                "official": "جمهورية الهند",
                "common": "الهند"
            },
            "bre": {
                "official": "Republik India",
                "common": "India"
            },
            "ces": {
                "official": "Indická republika",
                "common": "Indie"
            },
            "cym": {
                "official": "Republic of India",
                "common": "India"
            },
            "deu": {
                "official": "Republik Indien",
                "common": "Indien"
            },
            "est": {
                "official": "India Vabariik",
                "common": "India"
            },
            "fin": {
                "official": "Intian tasavalta",
                "common": "Intia"
            },
            "fra": {
                "official": "République de l'Inde",
                "common": "Inde"
            },
            "hrv": {
                "official": "Republika Indija",
                "common": "Indija"
            },
            "hun": {
                "official": "Indiai Köztársaság",
                "common": "India"
            },
            "ita": {
                "official": "Repubblica dell'India",
                "common": "India"
            },
            "jpn": {
                "official": "インド共和国",
                "common": "インド"
            },
            "kor": {
                "official": "인도 공화국",
                "common": "인도"
            },
            "nld": {
                "official": "Republiek India",
                "common": "India"
            },
            "per": {
                "official": "جمهوری هندوستان",
                "common": "هند"
            },
            "pol": {
                "official": "Republika Indii",
                "common": "Indie"
            },
            "por": {
                "official": "República da Índia",
                "common": "Índia"
            },
            "rus": {
                "official": "Республика Индия",
                "common": "Индия"
            },
            "slk": {
                "official": "Indická republika",
                "common": "India"
            },
            "spa": {
                "official": "República de la India",
                "common": "India"
            },
            "srp": {
                "official": "Република Индија",
                "common": "Индија"
            },
            "swe": {
                "official": "Republiken Indien",
                "common": "Indien"
            },
            "tur": {
                "official": "Hindistan Cumhuriyeti",
                "common": "Hindistan"
            },
            "urd": {
                "official": "جمہوریہ بھارت",
                "common": "بھارت"
            },
            "zho": {
                "official": "印度共和国",
                "common": "印度"
            }
        },
        "latlng": [
            20.0,
            77.0
        ],
        "landlocked": false,
        "borders": [
            "BGD",
            "BTN",
            "MMR",
            "CHN",
            "NPL",
            "PAK"
        ],
        "area": 3287590.0,
        "demonyms": {
            "eng": {
                "f": "Indian",
                "m": "Indian"
            },
            "fra": {
                "f": "Indienne",
                "m": "Indien"
            }
        },
        "flag": "🇮🇳",
        "maps": {
            "googleMaps": "https://goo.gl/maps/WSk3fLwG4vtPQetp7",
            "openStreetMaps": "https://www.openstreetmap.org/relation/304716"
        },
        "population": 1380004385,
        "gini": {
            "2011": 35.7
        },
        "fifa": "IND",
        "car": {
            "signs": [
                "IND"
            ],
            "side": "left"
        },
        "timezones": [
            "UTC+05:30"
        ],
        "continents": [
            "Asia"
        ],
        "flags": {
            "png": "https://flagcdn.com/w320/in.png",
            "svg": "https://flagcdn.com/in.svg",
            "alt": "The flag of India is composed of three equal horizontal bands of saffron, white and green. A navy blue wheel with twenty-four spokes — the Ashoka Chakra — is centered in the white band."
        },
        "coatOfArms": {
            "png": "https://mainfacts.com/media/images/coats_of_arms/in.png",
            "svg": "https://mainfacts.com/media/images/coats_of_arms/in.svg"
        },
        "startOfWeek": "monday",
        "capitalInfo": {
            "latlng": [
                28.6,
                77.2
            ]
        },
        "postalCode": {
            "format": "######",
            "regex": "^(\\d{6})$"
        }
    },
    {
        "name": {
            "common": "British Indian Ocean Territory",
            "official": "British Indian Ocean Territory",
            "nativeName": {
                "eng": {
                    "official": "British Indian Ocean Territory",
                    "common": "British Indian Ocean Territory"
                }
            }
        },
        "tld": [
            ".io"
        ],
        "cca2": "IO",
        "ccn3": "086",
        "cca3": "IOT",
        "independent": false,
        "status": "officially-assigned",
        "unMember": false,
        "currencies": {
            "USD": {
                "name": "United States dollar",
                "symbol": "$"
            }
        },
        "idd": {
            "root": "+2",
            "suffixes": [
                "46"
            ]
        },
        "capital": [
            "Diego Garcia"
        ],
        "altSpellings": [
            "IO"
        ],
        "region": "Africa",
        "subregion": "Eastern Africa",
        "languages": {
            "eng": "English"
        },
        "translations": {
            "ara": {
                "official": "إقليم المحيط الهندي البريطاني",
                "common": "إقليم المحيط الهندي البريطاني"
            },
            "bre": {
                "official": "Tiriad breizhveurat Meurvor Indez",
                "common": "Tiriad breizhveurat Meurvor Indez"
            },
            "ces": {
                "official": "Britské indickooceánské území",
                "common": "Britské indickooceánské území"
            },
            "cym": {
                "official": "Tiriogaeth Brydeinig Cefnfor India",
                "common": "Tiriogaeth Brydeinig Cefnfor India"
            },
            "deu": {
                "official": "Britisches Territorium im Indischen Ozean",
                "common": "Britisches Territorium im Indischen Ozean"
            },
            "est": {
                "official": "Briti India ookeani ala",
                "common": "Briti India ookeani ala"
            },
            "fin": {
                "official": "Brittiläinen Intian valtameren alue",
                "common": "Brittiläinen Intian valtameren alue"
            },
            "fra": {
                "official": "Territoire britannique de l' océan Indien",
                "common": "Territoire britannique de l'océan Indien"
            },
            "hrv": {
                "official": "British Indian Ocean Territory",
                "common": "Britanski Indijskooceanski teritorij"
            },
            "hun": {
                "official": "Brit Indiai-óceáni Terület",
                "common": "Brit Indiai-óceáni Terület"
            },
            "ita": {
                "official": "Territorio britannico dell'Oceano Indiano",
                "common": "Territorio britannico dell'oceano indiano"
            },
            "jpn": {
                "official": "イギリス領インド洋地域",
                "common": "イギリス領インド洋地域"
            },
            "kor": {
                "official": "인도 공화국",
                "common": "인도"
            },
            "nld": {
                "official": "Brits Indische Oceaan Territorium",
                "common": "Britse Gebieden in de Indische Oceaan"
            },
            "per": {
                "official": "قلمرو بریتانیا در اقیانوس هند",
                "common": "قلمرو بریتانیا در اقیانوس هند"
            },
            "pol": {
                "official": "Brytyjskie Terytorium Oceanu Indyjskiego",
                "common": "Brytyjskie Terytorium Oceanu Indyjskiego"
            },
            "por": {
                "official": "British Indian Ocean Territory",
                "common": "Território Britânico do Oceano Índico"
            },
            "rus": {
                "official": "Британская территория Индийского океана",
                "common": "Британская территория в Индийском океане"
            },
            "slk": {
                "official": "Britské indickooceánske územie",
                "common": "Britské indickooceánske územie"
            },
            "spa": {
                "official": "Territorio Británico del Océano Índico",
                "common": "Territorio Británico del Océano Índico"
            },
            "srp": {
                "official": "Британска територија Индијског океана",
                "common": "Британска територија Индијског океана"
            },
            "swe": {
                "official": "Brittiska territoriet i Indiska Oceanen",
                "common": "Brittiska territoriet i Indiska Oceanen"
            },
            "tur": {
                "official": "Britanya Hint Okyanusu Toprakları",
                "common": "Britanya Hint Okyanusu Toprakları"
            },
            "urd": {
                "official": "برطانوی بحرہند خطہ",
                "common": "برطانوی بحرہند خطہ"
            },
            "zho": {
                "official": "英属印度洋领地",
                "common": "英属印度洋领地"
            }
        },
        "latlng": [
            -6.0,
            71.5
        ],
        "landlocked": false,
        "area": 60.0,
        "demonyms": {
            "eng": {
                "f": "Indian",
                "m": "Indian"
            }
        },
        "flag": "🇮🇴",
        "maps": {
            "googleMaps": "https://goo.gl/maps/bheNucgekVEYozoi6",
            "openStreetMaps": "https://www.openstreetmap.org/relation/1993867"
        },
        "population": 3000,
        "car": {
            "signs": [
                "GB"
            ],
            "side": "right"
        },
        "timezones": [
            "UTC+06:00"
        ],
        "continents": [
            "Asia"
        ],
        "flags": {
            "png": "https://flagcdn.com/w320/io.png",
            "svg": "https://flagcdn.com/io.svg"
        },
        "coatOfArms": {
            
        },
        "startOfWeek": "monday",
        "capitalInfo": {
            "latlng": [
                -7.3,
                72.4
            ]
        }
    }
]
HTTP/1.1 200 OK
Date: Tue, 24 Oct 2023 16:51:19 GMT
Server: Apache/2.4.38 (Debian)
Cache-Control: public, immutable, max-age=31556926
Content-Type: application/json
content-encoding: gzip
content-length: 1496
Keep-Alive: timeout=5, max=100
Connection: Keep-Alive

[
    {
        "name": {
            "common": "India",
            "official": "Republic of India",
            "nativeName": {
                "eng": {
                    "official": "Republic of India",
                    "common": "India"
                },
                "hin": {
                    "official": "भारत गणराज्य",
                    "common": "भारत"
                },
                "tam": {
                    "official": "இந்தியக் குடியரசு",
                    "common": "இந்தியா"
                }
            }
        },
        "tld": [
            ".in"
        ],
        "cca2": "IN",
        "ccn3": "356",
        "cca3": "IND",
        "cioc": "IND",
        "independent": true,
        "status": "officially-assigned",
        "unMember": true,
        "currencies": {
            "INR": {
                "name": "Indian rupee",
                "symbol": "₹"
            }
        },
        "idd": {
            "root": "+9",
            "suffixes": [
                "1"
            ]
        },
        "capital": [
            "New Delhi"
        ],
        "altSpellings": [
            "IN",
            "Bhārat",
            "Republic of India",
            "Bharat Ganrajya",
            "இந்தியா"
        ],
        "region": "Asia",
        "subregion": "Southern Asia",
        "languages": {
            "eng": "English",
            "hin": "Hindi",
            "tam": "Tamil"
        },
        "translations": {
            "ara": {
                "official": "جمهورية الهند",
                "common": "الهند"
            },
            "bre": {
                "official": "Republik India",
                "common": "India"
            },
            "ces": {
                "official": "Indická republika",
                "common": "Indie"
            },
            "cym": {
                "official": "Republic of India",
                "common": "India"
            },
            "deu": {
                "official": "Republik Indien",
                "common": "Indien"
            },
            "est": {
                "official": "India Vabariik",
                "common": "India"
            },
            "fin": {
                "official": "Intian tasavalta",
                "common": "Intia"
            },
            "fra": {
                "official": "République de l'Inde",
                "common": "Inde"
            },
            "hrv": {
                "official": "Republika Indija",
                "common": "Indija"
            },
            "hun": {
                "official": "Indiai Köztársaság",
                "common": "India"
            },
            "ita": {
                "official": "Repubblica dell'India",
                "common": "India"
            },
            "jpn": {
                "official": "インド共和国",
                "common": "インド"
            },
            "kor": {
                "official": "인도 공화국",
                "common": "인도"
            },
            "nld": {
                "official": "Republiek India",
                "common": "India"
            },
            "per": {
                "official": "جمهوری هندوستان",
                "common": "هند"
            },
            "pol": {
                "official": "Republika Indii",
                "common": "Indie"
            },
            "por": {
                "official": "República da Índia",
                "common": "Índia"
            },
            "rus": {
                "official": "Республика Индия",
                "common": "Индия"
            },
            "slk": {
                "official": "Indická republika",
                "common": "India"
            },
            "spa": {
                "official": "República de la India",
                "common": "India"
            },
            "srp": {
                "official": "Република Индија",
                "common": "Индија"
            },
            "swe": {
                "official": "Republiken Indien",
                "common": "Indien"
            },
            "tur": {
                "official": "Hindistan Cumhuriyeti",
                "common": "Hindistan"
            },
            "urd": {
                "official": "جمہوریہ بھارت",
                "common": "بھارت"
            },
            "zho": {
                "official": "印度共和国",
                "common": "印度"
            }
        },
        "latlng": [
            20.0,
            77.0
        ],
        "landlocked": false,
        "borders": [
            "BGD",
            "BTN",
            "MMR",
            "CHN",
            "NPL",
            "PAK"
        ],
        "area": 3287590.0,
        "demonyms": {
            "eng": {
                "f": "Indian",
                "m": "Indian"
            },
            "fra": {
                "f": "Indienne",
                "m": "Indien"
            }
        },
        "flag": "🇮🇳",
        "maps": {
            "googleMaps": "https://goo.gl/maps/WSk3fLwG4vtPQetp7",
            "openStreetMaps": "https://www.openstreetmap.org/relation/304716"
        },
        "population": 1380004385,
        "gini": {
            "2011": 35.7
        },
        "fifa": "IND",
        "car": {
            "signs": [
                "IND"
            ],
            "side": "left"
        },
        "timezones": [
            "UTC+05:30"
        ],
        "continents": [
            "Asia"
        ],
        "flags": {
            "png": "https://flagcdn.com/w320/in.png",
            "svg": "https://flagcdn.com/in.svg",
            "alt": "The flag of India is composed of three equal horizontal bands of saffron, white and green. A navy blue wheel with twenty-four spokes — the Ashoka Chakra — is centered in the white band."
        },
        "coatOfArms": {
            "png": "https://mainfacts.com/media/images/coats_of_arms/in.png",
            "svg": "https://mainfacts.com/media/images/coats_of_arms/in.svg"
        },
        "startOfWeek": "monday",
        "capitalInfo": {
            "latlng": [
                28.6,
                77.2
            ]
        },
        "postalCode": {
            "format": "######",
            "regex": "^(\\d{6})$"
        }
    }
]
<expectedCountry>]]></system-out>
    <system-err><![CDATA[[main] INFO  - 

-------------------------------------------------------------------------------------
     _______. _______ .______       _______ .__   __.  __  .___________.____    ____ 
    /       ||   ____||   _  \     |   ____||  \ |  | |  | |           |\   \  /   / 
   |   (----`|  |__   |  |_)  |    |  |__   |   \|  | |  | `---|  |----` \   \/   /  
    \   \    |   __|  |      /     |   __|  |  . `  | |  |     |  |       \_    _/   
.----)   |   |  |____ |  |\  \----.|  |____ |  |\   | |  |     |  |         |  |     
|_______/    |_______|| _| `._____||_______||__| \__| |__|     |__|         |__|    
                                                                                     
 News and tutorials at https://serenity-bdd.info                                     
 Documentation at https://serenity-bdd.github.io                                     
 Test Automation Training and Coaching: https://www.serenity-dojo.com                
 Commercial Support: https://www.serenity-dojo.com/serenity-bdd-enterprise-support   
 Join the Serenity Community on Gitter: https://gitter.im/serenity-bdd/serenity-core 
-------------------------------------------------------------------------------------

[main] INFO  - Test Suite Started: Testing Country Service
[main] INFO  - Test Suite Started: Testing Country Service
[main] INFO  - 
  _____   ___   ___   _____     ___   _____     _     ___   _____   ___   ___  
 |_   _| | __| / __| |_   _|   / __| |_   _|   /_\   | _ \ |_   _| | __| |   \ 
   | |   | _|  \__ \   | |     \__ \   | |    / _ \  |   /   | |   | _|  | |) |
   |_|   |___| |___/   |_|     |___/   |_|   /_/ \_\ |_|_\   |_|   |___| |___/ 

Get Country by Alpha Code and name(testing-country-service;get-country-by-alpha-code-and-name)
--------------------------------------------------------------------------------
[main] INFO  - 
  _____   ___   ___   _____     ___     _     ___   ___   ___   ___  
 |_   _| | __| / __| |_   _|   | _ \   /_\   / __| / __| | __| |   \ 
   | |   | _|  \__ \   | |     |  _/  / _ \  \__ \ \__ \ | _|  | |) |
   |_|   |___| |___/   |_|     |_|   /_/ \_\ |___/ |___/ |___| |___/ 

Get Country by Alpha Code and name
----------------------------------------------------------------------
]]></system-err>
  </testcase>
  <testcase name="Get Country by Alpha Code and name #2" classname="Testing Country Service" time="1.872">
    <system-out><![CDATA[HTTP/1.1 200 OK
Date: Tue, 24 Oct 2023 16:51:20 GMT
Server: Apache/2.4.38 (Debian)
Cache-Control: public, immutable, max-age=31556926
Content-Type: application/json
content-encoding: gzip
content-length: 1516
Keep-Alive: timeout=5, max=100
Connection: Keep-Alive

[
    {
        "name": {
            "common": "Norway",
            "official": "Kingdom of Norway",
            "nativeName": {
                "nno": {
                    "official": "Kongeriket Noreg",
                    "common": "Noreg"
                },
                "nob": {
                    "official": "Kongeriket Norge",
                    "common": "Norge"
                },
                "smi": {
                    "official": "Norgga gonagasriika",
                    "common": "Norgga"
                }
            }
        },
        "tld": [
            ".no"
        ],
        "cca2": "NO",
        "ccn3": "578",
        "cca3": "NOR",
        "cioc": "NOR",
        "independent": true,
        "status": "officially-assigned",
        "unMember": true,
        "currencies": {
            "NOK": {
                "name": "Norwegian krone",
                "symbol": "kr"
            }
        },
        "idd": {
            "root": "+4",
            "suffixes": [
                "7"
            ]
        },
        "capital": [
            "Oslo"
        ],
        "altSpellings": [
            "NO",
            "Norge",
            "Noreg",
            "Kingdom of Norway",
            "Kongeriket Norge",
            "Kongeriket Noreg"
        ],
        "region": "Europe",
        "subregion": "Northern Europe",
        "languages": {
            "nno": "Norwegian Nynorsk",
            "nob": "Norwegian Bokmål",
            "smi": "Sami"
        },
        "translations": {
            "ara": {
                "official": "مملكة النرويج",
                "common": "النرويج"
            },
            "bre": {
                "official": "Rouantelezh Norvegia",
                "common": "Norvegia"
            },
            "ces": {
                "official": "Norské království",
                "common": "Norsko"
            },
            "cym": {
                "official": "Kingdom of Norway",
                "common": "Norway"
            },
            "deu": {
                "official": "Königreich Norwegen",
                "common": "Norwegen"
            },
            "est": {
                "official": "Norra Kuningriik",
                "common": "Norra"
            },
            "fin": {
                "official": "Norjan kuningaskunta",
                "common": "Norja"
            },
            "fra": {
                "official": "Royaume de Norvège",
                "common": "Norvège"
            },
            "hrv": {
                "official": "Kraljevina Norveška",
                "common": "Norveška"
            },
            "hun": {
                "official": "Norvég Királyság",
                "common": "Norvégia"
            },
            "ita": {
                "official": "Regno di Norvegia",
                "common": "Norvegia"
            },
            "jpn": {
                "official": "ノルウェー王国",
                "common": "ノルウェー"
            },
            "kor": {
                "official": "노르웨이 왕국",
                "common": "노르웨이"
            },
            "nld": {
                "official": "Koninkrijk Noorwegen",
                "common": "Noorwegen"
            },
            "per": {
                "official": "پادشاهی نروژ",
                "common": "نروژ"
            },
            "pol": {
                "official": "Królestwo Norwegii",
                "common": "Norwegia"
            },
            "por": {
                "official": "Reino da Noruega",
                "common": "Noruega"
            },
            "rus": {
                "official": "Королевство Норвегия",
                "common": "Норвегия"
            },
            "slk": {
                "official": "Nórske kráľovstvo",
                "common": "Nórsko"
            },
            "spa": {
                "official": "Reino de Noruega",
                "common": "Noruega"
            },
            "srp": {
                "official": "Краљевина Норвешка",
                "common": "Норвешка"
            },
            "swe": {
                "official": "Konungariket Norge",
                "common": "Norge"
            },
            "tur": {
                "official": "Norveç Krallığı",
                "common": "Norveç"
            },
            "urd": {
                "official": "مملکتِ ناروے",
                "common": "ناروے"
            },
            "zho": {
                "official": "挪威王国",
                "common": "挪威"
            }
        },
        "latlng": [
            62.0,
            10.0
        ],
        "landlocked": false,
        "borders": [
            "FIN",
            "SWE",
            "RUS"
        ],
        "area": 323802.0,
        "demonyms": {
            "eng": {
                "f": "Norwegian",
                "m": "Norwegian"
            },
            "fra": {
                "f": "Norvégienne",
                "m": "Norvégien"
            }
        },
        "flag": "🇳🇴",
        "maps": {
            "googleMaps": "https://goo.gl/maps/htWRrphA7vNgQNdSA",
            "openStreetMaps": "https://www.openstreetmap.org/relation/2978650"
        },
        "population": 5379475,
        "gini": {
            "2018": 27.6
        },
        "fifa": "NOR",
        "car": {
            "signs": [
                "N"
            ],
            "side": "right"
        },
        "timezones": [
            "UTC+01:00"
        ],
        "continents": [
            "Europe"
        ],
        "flags": {
            "png": "https://flagcdn.com/w320/no.png",
            "svg": "https://flagcdn.com/no.svg",
            "alt": "The flag of Norway has a red field with a large white-edged navy blue cross that extends to the edges of the field. The vertical part of this cross is offset towards the hoist side."
        },
        "coatOfArms": {
            "png": "https://mainfacts.com/media/images/coats_of_arms/no.png",
            "svg": "https://mainfacts.com/media/images/coats_of_arms/no.svg"
        },
        "startOfWeek": "monday",
        "capitalInfo": {
            "latlng": [
                59.92,
                10.75
            ]
        },
        "postalCode": {
            "format": "####",
            "regex": "^(\\d{4})$"
        }
    }
]
HTTP/1.1 200 OK
Date: Tue, 24 Oct 2023 16:51:21 GMT
Server: Apache/2.4.38 (Debian)
Cache-Control: public, immutable, max-age=31556926
Content-Type: application/json
content-encoding: gzip
content-length: 1516
Keep-Alive: timeout=5, max=100
Connection: Keep-Alive

[
    {
        "name": {
            "common": "Norway",
            "official": "Kingdom of Norway",
            "nativeName": {
                "nno": {
                    "official": "Kongeriket Noreg",
                    "common": "Noreg"
                },
                "nob": {
                    "official": "Kongeriket Norge",
                    "common": "Norge"
                },
                "smi": {
                    "official": "Norgga gonagasriika",
                    "common": "Norgga"
                }
            }
        },
        "tld": [
            ".no"
        ],
        "cca2": "NO",
        "ccn3": "578",
        "cca3": "NOR",
        "cioc": "NOR",
        "independent": true,
        "status": "officially-assigned",
        "unMember": true,
        "currencies": {
            "NOK": {
                "name": "Norwegian krone",
                "symbol": "kr"
            }
        },
        "idd": {
            "root": "+4",
            "suffixes": [
                "7"
            ]
        },
        "capital": [
            "Oslo"
        ],
        "altSpellings": [
            "NO",
            "Norge",
            "Noreg",
            "Kingdom of Norway",
            "Kongeriket Norge",
            "Kongeriket Noreg"
        ],
        "region": "Europe",
        "subregion": "Northern Europe",
        "languages": {
            "nno": "Norwegian Nynorsk",
            "nob": "Norwegian Bokmål",
            "smi": "Sami"
        },
        "translations": {
            "ara": {
                "official": "مملكة النرويج",
                "common": "النرويج"
            },
            "bre": {
                "official": "Rouantelezh Norvegia",
                "common": "Norvegia"
            },
            "ces": {
                "official": "Norské království",
                "common": "Norsko"
            },
            "cym": {
                "official": "Kingdom of Norway",
                "common": "Norway"
            },
            "deu": {
                "official": "Königreich Norwegen",
                "common": "Norwegen"
            },
            "est": {
                "official": "Norra Kuningriik",
                "common": "Norra"
            },
            "fin": {
                "official": "Norjan kuningaskunta",
                "common": "Norja"
            },
            "fra": {
                "official": "Royaume de Norvège",
                "common": "Norvège"
            },
            "hrv": {
                "official": "Kraljevina Norveška",
                "common": "Norveška"
            },
            "hun": {
                "official": "Norvég Királyság",
                "common": "Norvégia"
            },
            "ita": {
                "official": "Regno di Norvegia",
                "common": "Norvegia"
            },
            "jpn": {
                "official": "ノルウェー王国",
                "common": "ノルウェー"
            },
            "kor": {
                "official": "노르웨이 왕국",
                "common": "노르웨이"
            },
            "nld": {
                "official": "Koninkrijk Noorwegen",
                "common": "Noorwegen"
            },
            "per": {
                "official": "پادشاهی نروژ",
                "common": "نروژ"
            },
            "pol": {
                "official": "Królestwo Norwegii",
                "common": "Norwegia"
            },
            "por": {
                "official": "Reino da Noruega",
                "common": "Noruega"
            },
            "rus": {
                "official": "Королевство Норвегия",
                "common": "Норвегия"
            },
            "slk": {
                "official": "Nórske kráľovstvo",
                "common": "Nórsko"
            },
            "spa": {
                "official": "Reino de Noruega",
                "common": "Noruega"
            },
            "srp": {
                "official": "Краљевина Норвешка",
                "common": "Норвешка"
            },
            "swe": {
                "official": "Konungariket Norge",
                "common": "Norge"
            },
            "tur": {
                "official": "Norveç Krallığı",
                "common": "Norveç"
            },
            "urd": {
                "official": "مملکتِ ناروے",
                "common": "ناروے"
            },
            "zho": {
                "official": "挪威王国",
                "common": "挪威"
            }
        },
        "latlng": [
            62.0,
            10.0
        ],
        "landlocked": false,
        "borders": [
            "FIN",
            "SWE",
            "RUS"
        ],
        "area": 323802.0,
        "demonyms": {
            "eng": {
                "f": "Norwegian",
                "m": "Norwegian"
            },
            "fra": {
                "f": "Norvégienne",
                "m": "Norvégien"
            }
        },
        "flag": "🇳🇴",
        "maps": {
            "googleMaps": "https://goo.gl/maps/htWRrphA7vNgQNdSA",
            "openStreetMaps": "https://www.openstreetmap.org/relation/2978650"
        },
        "population": 5379475,
        "gini": {
            "2018": 27.6
        },
        "fifa": "NOR",
        "car": {
            "signs": [
                "N"
            ],
            "side": "right"
        },
        "timezones": [
            "UTC+01:00"
        ],
        "continents": [
            "Europe"
        ],
        "flags": {
            "png": "https://flagcdn.com/w320/no.png",
            "svg": "https://flagcdn.com/no.svg",
            "alt": "The flag of Norway has a red field with a large white-edged navy blue cross that extends to the edges of the field. The vertical part of this cross is offset towards the hoist side."
        },
        "coatOfArms": {
            "png": "https://mainfacts.com/media/images/coats_of_arms/no.png",
            "svg": "https://mainfacts.com/media/images/coats_of_arms/no.svg"
        },
        "startOfWeek": "monday",
        "capitalInfo": {
            "latlng": [
                59.92,
                10.75
            ]
        },
        "postalCode": {
            "format": "####",
            "regex": "^(\\d{4})$"
        }
    }
]
<expectedCountry>]]></system-out>
    <system-err><![CDATA[[main] INFO  - 
  _____   ___   ___   _____     ___     _     ___   ___   ___   ___  
 |_   _| | __| / __| |_   _|   | _ \   /_\   / __| / __| | __| |   \ 
   | |   | _|  \__ \   | |     |  _/  / _ \  \__ \ \__ \ | _|  | |) |
   |_|   |___| |___/   |_|     |_|   /_/ \_\ |___/ |___/ |___| |___/ 

Get Country by Alpha Code and name
----------------------------------------------------------------------
]]></system-err>
  </testcase>
  <testcase name="Get Calling code using currency #1" classname="Testing Country Service" time="0.886">
    <system-out><![CDATA[HTTP/1.1 200 OK
Date: Tue, 24 Oct 2023 16:51:22 GMT
Server: Apache/2.4.38 (Debian)
Cache-Control: public, immutable, max-age=31556926
Content-Type: application/json
content-encoding: gzip
content-length: 2386
Keep-Alive: timeout=5, max=100
Connection: Keep-Alive

[
    {
        "name": {
            "common": "India",
            "official": "Republic of India",
            "nativeName": {
                "eng": {
                    "official": "Republic of India",
                    "common": "India"
                },
                "hin": {
                    "official": "भारत गणराज्य",
                    "common": "भारत"
                },
                "tam": {
                    "official": "இந்தியக் குடியரசு",
                    "common": "இந்தியா"
                }
            }
        },
        "tld": [
            ".in"
        ],
        "cca2": "IN",
        "ccn3": "356",
        "cca3": "IND",
        "cioc": "IND",
        "independent": true,
        "status": "officially-assigned",
        "unMember": true,
        "currencies": {
            "INR": {
                "name": "Indian rupee",
                "symbol": "₹"
            }
        },
        "idd": {
            "root": "+9",
            "suffixes": [
                "1"
            ]
        },
        "capital": [
            "New Delhi"
        ],
        "altSpellings": [
            "IN",
            "Bhārat",
            "Republic of India",
            "Bharat Ganrajya",
            "இந்தியா"
        ],
        "region": "Asia",
        "subregion": "Southern Asia",
        "languages": {
            "eng": "English",
            "hin": "Hindi",
            "tam": "Tamil"
        },
        "translations": {
            "ara": {
                "official": "جمهورية الهند",
                "common": "الهند"
            },
            "bre": {
                "official": "Republik India",
                "common": "India"
            },
            "ces": {
                "official": "Indická republika",
                "common": "Indie"
            },
            "cym": {
                "official": "Republic of India",
                "common": "India"
            },
            "deu": {
                "official": "Republik Indien",
                "common": "Indien"
            },
            "est": {
                "official": "India Vabariik",
                "common": "India"
            },
            "fin": {
                "official": "Intian tasavalta",
                "common": "Intia"
            },
            "fra": {
                "official": "République de l'Inde",
                "common": "Inde"
            },
            "hrv": {
                "official": "Republika Indija",
                "common": "Indija"
            },
            "hun": {
                "official": "Indiai Köztársaság",
                "common": "India"
            },
            "ita": {
                "official": "Repubblica dell'India",
                "common": "India"
            },
            "jpn": {
                "official": "インド共和国",
                "common": "インド"
            },
            "kor": {
                "official": "인도 공화국",
                "common": "인도"
            },
            "nld": {
                "official": "Republiek India",
                "common": "India"
            },
            "per": {
                "official": "جمهوری هندوستان",
                "common": "هند"
            },
            "pol": {
                "official": "Republika Indii",
                "common": "Indie"
            },
            "por": {
                "official": "República da Índia",
                "common": "Índia"
            },
            "rus": {
                "official": "Республика Индия",
                "common": "Индия"
            },
            "slk": {
                "official": "Indická republika",
                "common": "India"
            },
            "spa": {
                "official": "República de la India",
                "common": "India"
            },
            "srp": {
                "official": "Република Индија",
                "common": "Индија"
            },
            "swe": {
                "official": "Republiken Indien",
                "common": "Indien"
            },
            "tur": {
                "official": "Hindistan Cumhuriyeti",
                "common": "Hindistan"
            },
            "urd": {
                "official": "جمہوریہ بھارت",
                "common": "بھارت"
            },
            "zho": {
                "official": "印度共和国",
                "common": "印度"
            }
        },
        "latlng": [
            20.0,
            77.0
        ],
        "landlocked": false,
        "borders": [
            "BGD",
            "BTN",
            "MMR",
            "CHN",
            "NPL",
            "PAK"
        ],
        "area": 3287590.0,
        "demonyms": {
            "eng": {
                "f": "Indian",
                "m": "Indian"
            },
            "fra": {
                "f": "Indienne",
                "m": "Indien"
            }
        },
        "flag": "🇮🇳",
        "maps": {
            "googleMaps": "https://goo.gl/maps/WSk3fLwG4vtPQetp7",
            "openStreetMaps": "https://www.openstreetmap.org/relation/304716"
        },
        "population": 1380004385,
        "gini": {
            "2011": 35.7
        },
        "fifa": "IND",
        "car": {
            "signs": [
                "IND"
            ],
            "side": "left"
        },
        "timezones": [
            "UTC+05:30"
        ],
        "continents": [
            "Asia"
        ],
        "flags": {
            "png": "https://flagcdn.com/w320/in.png",
            "svg": "https://flagcdn.com/in.svg",
            "alt": "The flag of India is composed of three equal horizontal bands of saffron, white and green. A navy blue wheel with twenty-four spokes — the Ashoka Chakra — is centered in the white band."
        },
        "coatOfArms": {
            "png": "https://mainfacts.com/media/images/coats_of_arms/in.png",
            "svg": "https://mainfacts.com/media/images/coats_of_arms/in.svg"
        },
        "startOfWeek": "monday",
        "capitalInfo": {
            "latlng": [
                28.6,
                77.2
            ]
        },
        "postalCode": {
            "format": "######",
            "regex": "^(\\d{6})$"
        }
    },
    {
        "name": {
            "common": "Bhutan",
            "official": "Kingdom of Bhutan",
            "nativeName": {
                "dzo": {
                    "official": "འབྲུག་རྒྱལ་ཁབ་",
                    "common": "འབྲུག་ཡུལ་"
                }
            }
        },
        "tld": [
            ".bt"
        ],
        "cca2": "BT",
        "ccn3": "064",
        "cca3": "BTN",
        "cioc": "BHU",
        "independent": true,
        "status": "officially-assigned",
        "unMember": true,
        "currencies": {
            "BTN": {
                "name": "Bhutanese ngultrum",
                "symbol": "Nu."
            },
            "INR": {
                "name": "Indian rupee",
                "symbol": "₹"
            }
        },
        "idd": {
            "root": "+9",
            "suffixes": [
                "75"
            ]
        },
        "capital": [
            "Thimphu"
        ],
        "altSpellings": [
            "BT",
            "Kingdom of Bhutan"
        ],
        "region": "Asia",
        "subregion": "Southern Asia",
        "languages": {
            "dzo": "Dzongkha"
        },
        "translations": {
            "ara": {
                "official": "مملكة بوتان",
                "common": "بوتان"
            },
            "bre": {
                "official": "Rouantelezh Bhoutan",
                "common": "Bhoutan"
            },
            "ces": {
                "official": "Bhútánské království",
                "common": "Bhútán"
            },
            "cym": {
                "official": "Teyrnas Bhwtan",
                "common": "Bhwtan"
            },
            "deu": {
                "official": "Königreich Bhutan",
                "common": "Bhutan"
            },
            "est": {
                "official": "Bhutani Kuningriik",
                "common": "Bhutan"
            },
            "fin": {
                "official": "Bhutanin kuningaskunta",
                "common": "Bhutan"
            },
            "fra": {
                "official": "Royaume du Bhoutan",
                "common": "Bhoutan"
            },
            "hrv": {
                "official": "Kraljevina Butan",
                "common": "Butan"
            },
            "hun": {
                "official": "Bhutáni Királyság",
                "common": "Bhután"
            },
            "ita": {
                "official": "Regno del Bhutan",
                "common": "Bhutan"
            },
            "jpn": {
                "official": "ブータン王国",
                "common": "ブータン"
            },
            "kor": {
                "official": "부탄 왕국",
                "common": "부탄"
            },
            "nld": {
                "official": "Koninkrijk Bhutan",
                "common": "Bhutan"
            },
            "per": {
                "official": "پادشاهی بوتان",
                "common": "بوتان"
            },
            "pol": {
                "official": "Bhutan",
                "common": "Bhutan"
            },
            "por": {
                "official": "Reino do Butão",
                "common": "Butão"
            },
            "rus": {
                "official": "Королевство Бутан",
                "common": "Бутан"
            },
            "slk": {
                "official": "Bhutánske krâľovstvo",
                "common": "Bhután"
            },
            "spa": {
                "official": "Reino de Bután",
                "common": "Bután"
            },
            "srp": {
                "official": "Краљевина Бутан",
                "common": "Бутан"
            },
            "swe": {
                "official": "Konungariket Bhutan",
                "common": "Bhutan"
            },
            "tur": {
                "official": "Butan Krallığı",
                "common": "Butan"
            },
            "urd": {
                "official": "سلطنت بھوٹان",
                "common": "بھوٹان"
            },
            "zho": {
                "official": "不丹王国",
                "common": "不丹"
            }
        },
        "latlng": [
            27.5,
            90.5
        ],
        "landlocked": true,
        "borders": [
            "CHN",
            "IND"
        ],
        "area": 38394.0,
        "demonyms": {
            "eng": {
                "f": "Bhutanese",
                "m": "Bhutanese"
            },
            "fra": {
                "f": "Bhoutanaise",
                "m": "Bhoutanais"
            }
        },
        "flag": "🇧🇹",
        "maps": {
            "googleMaps": "https://goo.gl/maps/VEfXXBftTFLUpNgp8",
            "openStreetMaps": "https://www.openstreetmap.org/relation/184629"
        },
        "population": 771612,
        "gini": {
            "2017": 37.4
        },
        "fifa": "BHU",
        "car": {
            "signs": [
                "BHT"
            ],
            "side": "left"
        },
        "timezones": [
            "UTC+06:00"
        ],
        "continents": [
            "Asia"
        ],
        "flags": {
            "png": "https://flagcdn.com/w320/bt.png",
            "svg": "https://flagcdn.com/bt.svg",
            "alt": "The flag of Bhutan is divided diagonally, from the lower hoist-side corner to the upper fly-side corner, into an upper yellow and a lower orange triangle. A fly-side facing white dragon holding four jewels in its claws is situated along the boundary of the two triangles."
        },
        "coatOfArms": {
            "png": "https://mainfacts.com/media/images/coats_of_arms/bt.png",
            "svg": "https://mainfacts.com/media/images/coats_of_arms/bt.svg"
        },
        "startOfWeek": "monday",
        "capitalInfo": {
            "latlng": [
                27.47,
                89.63
            ]
        }
    }
]
356]]></system-out>
    <system-err><![CDATA[[main] INFO  - 
  _____   ___   ___   _____     ___   _____     _     ___   _____   ___   ___  
 |_   _| | __| / __| |_   _|   / __| |_   _|   /_\   | _ \ |_   _| | __| |   \ 
   | |   | _|  \__ \   | |     \__ \   | |    / _ \  |   /   | |   | _|  | |) |
   |_|   |___| |___/   |_|     |___/   |_|   /_/ \_\ |_|_\   |_|   |___| |___/ 

Get Calling code using currency(testing-country-service;get-calling-code-using-currency)
--------------------------------------------------------------------------------
[main] INFO  - 
  _____   ___   ___   _____     ___     _     ___   ___   ___   ___  
 |_   _| | __| / __| |_   _|   | _ \   /_\   / __| / __| | __| |   \ 
   | |   | _|  \__ \   | |     |  _/  / _ \  \__ \ \__ \ | _|  | |) |
   |_|   |___| |___/   |_|     |_|   /_/ \_\ |___/ |___/ |___| |___/ 

Get Calling code using currency
----------------------------------------------------------------------
]]></system-err>
  </testcase>
  <testcase name="Get Calling code using currency #2" classname="Testing Country Service" time="0.948">
    <system-out><![CDATA[HTTP/1.1 200 OK
Date: Tue, 24 Oct 2023 16:51:22 GMT
Server: Apache/2.4.38 (Debian)
Cache-Control: public, immutable, max-age=31556926
Content-Type: application/json
content-encoding: gzip
content-length: 1329
Keep-Alive: timeout=5, max=100
Connection: Keep-Alive

[
    {
        "name": {
            "common": "Colombia",
            "official": "Republic of Colombia",
            "nativeName": {
                "spa": {
                    "official": "República de Colombia",
                    "common": "Colombia"
                }
            }
        },
        "tld": [
            ".co"
        ],
        "cca2": "CO",
        "ccn3": "170",
        "cca3": "COL",
        "cioc": "COL",
        "independent": true,
        "status": "officially-assigned",
        "unMember": true,
        "currencies": {
            "COP": {
                "name": "Colombian peso",
                "symbol": "$"
            }
        },
        "idd": {
            "root": "+5",
            "suffixes": [
                "7"
            ]
        },
        "capital": [
            "Bogotá"
        ],
        "altSpellings": [
            "CO",
            "Republic of Colombia",
            "República de Colombia"
        ],
        "region": "Americas",
        "subregion": "South America",
        "languages": {
            "spa": "Spanish"
        },
        "translations": {
            "ara": {
                "official": "جمهورية كولومبيا",
                "common": "كولومبيا"
            },
            "bre": {
                "official": "Republik Kolombia",
                "common": "Kolombia"
            },
            "ces": {
                "official": "Kolumbijská republika",
                "common": "Kolumbie"
            },
            "cym": {
                "official": "Gweriniaeth Colombia",
                "common": "Colombia"
            },
            "deu": {
                "official": "Republik Kolumbien",
                "common": "Kolumbien"
            },
            "est": {
                "official": "Colombia Vabariik",
                "common": "Colombia"
            },
            "fin": {
                "official": "Kolumbian tasavalta",
                "common": "Kolumbia"
            },
            "fra": {
                "official": "République de Colombie",
                "common": "Colombie"
            },
            "hrv": {
                "official": "Republika Kolumbija",
                "common": "Kolumbija"
            },
            "hun": {
                "official": "Kolumbiai Köztársaság",
                "common": "Kolumbia"
            },
            "ita": {
                "official": "Repubblica di Colombia",
                "common": "Colombia"
            },
            "jpn": {
                "official": "コロンビア共和国",
                "common": "コロンビア"
            },
            "kor": {
                "official": "콜롬비아 공화국",
                "common": "콜롬비아"
            },
            "nld": {
                "official": "Republiek Colombia",
                "common": "Colombia"
            },
            "per": {
                "official": "جمهوری کلمبیا",
                "common": "کلمبیا"
            },
            "pol": {
                "official": "Republika Kolumbii",
                "common": "Kolumbia"
            },
            "por": {
                "official": "República da Colômbia",
                "common": "Colômbia"
            },
            "rus": {
                "official": "Республика Колумбия",
                "common": "Колумбия"
            },
            "slk": {
                "official": "Kolumbijská republika",
                "common": "Kolumbia"
            },
            "spa": {
                "official": "República de Colombia",
                "common": "Colombia"
            },
            "srp": {
                "official": "Република Колумбија",
                "common": "Колумбија"
            },
            "swe": {
                "official": "Republiken Colombia",
                "common": "Colombia"
            },
            "tur": {
                "official": "Kolombiya Cumhuriyeti",
                "common": "Kolombiya"
            },
            "urd": {
                "official": "جمہوریہ کولمبیا",
                "common": "کولمبیا"
            },
            "zho": {
                "official": "哥伦比亚共和国",
                "common": "哥伦比亚"
            }
        },
        "latlng": [
            4.0,
            -72.0
        ],
        "landlocked": false,
        "borders": [
            "BRA",
            "ECU",
            "PAN",
            "PER",
            "VEN"
        ],
        "area": 1141748.0,
        "demonyms": {
            "eng": {
                "f": "Colombian",
                "m": "Colombian"
            },
            "fra": {
                "f": "Colombienne",
                "m": "Colombien"
            }
        },
        "flag": "🇨🇴",
        "maps": {
            "googleMaps": "https://goo.gl/maps/zix9qNFX69E9yZ2M6",
            "openStreetMaps": "https://www.openstreetmap.org/relation/120027"
        },
        "population": 50882884,
        "gini": {
            "2019": 51.3
        },
        "fifa": "COL",
        "car": {
            "signs": [
                "CO"
            ],
            "side": "right"
        },
        "timezones": [
            "UTC-05:00"
        ],
        "continents": [
            "South America"
        ],
        "flags": {
            "png": "https://flagcdn.com/w320/co.png",
            "svg": "https://flagcdn.com/co.svg",
            "alt": "The flag of Colombia is composed of three horizontal bands of yellow, blue and red, with the yellow band twice the height of the other two bands."
        },
        "coatOfArms": {
            "png": "https://mainfacts.com/media/images/coats_of_arms/co.png",
            "svg": "https://mainfacts.com/media/images/coats_of_arms/co.svg"
        },
        "startOfWeek": "monday",
        "capitalInfo": {
            "latlng": [
                4.71,
                -74.07
            ]
        }
    }
]
170]]></system-out>
    <system-err><![CDATA[[main] INFO  - 
  _____   ___   ___   _____     ___     _     ___   ___   ___   ___  
 |_   _| | __| / __| |_   _|   | _ \   /_\   / __| / __| | __| |   \ 
   | |   | _|  \__ \   | |     |  _/  / _ \  \__ \ \__ \ | _|  | |) |
   |_|   |___| |___/   |_|     |_|   /_/ \_\ |___/ |___/ |___| |___/ 

Get Calling code using currency
----------------------------------------------------------------------
]]></system-err>
  </testcase>
</testsuite>